[xorm] [info]  2018/05/15 20:18:52.632640 [SQL] INSERT INTO `student` (`id`,`student_pwd`,`student_name`,`organization_id`) VALUES (?, ?, ?, ?) []interface {}{15331124, "5243627672763cd3d4626ea0ebb7e06d", "王芳", 1}
[xorm] [info]  2018/05/15 20:18:52.640778 [SQL] INSERT INTO `student` (`id`,`student_pwd`,`student_name`,`organization_id`) VALUES (?, ?, ?, ?) []interface {}{15331125, "67b6bac54b407c7f69e4d65195515c48", "赵红", 2}
[xorm] [info]  2018/05/15 20:18:52.650466 [SQL] INSERT INTO `student` (`id`,`student_pwd`,`student_name`,`organization_id`) VALUES (?, ?, ?, ?) []interface {}{16331124, "878db465451b5f2d1826cf1a3e6fdecb", "王芸", 3}
[xorm] [info]  2018/05/15 20:18:52.659551 [SQL] INSERT INTO `admin` (`id`,`admin_pwd`,`admin_name`) VALUES (?, ?, ?) []interface {}{11331124, "858e5a25636bd82ac3c2913039c270a1", "赵毅"}
[xorm] [info]  2018/05/15 20:18:52.664823 [SQL] INSERT INTO `admin` (`id`,`admin_pwd`,`admin_name`) VALUES (?, ?, ?) []interface {}{11331125, "afe4e651ba5d760727b7c161da011b1c", "李阳"}
[xorm] [info]  2018/05/15 20:18:52.669620 [SQL] INSERT INTO `admin` (`id`,`admin_pwd`,`admin_name`) VALUES (?, ?, ?) []interface {}{11031124, "00a0bdd6564d182c6ec37f8f702dbf28", "万余里"}
[xorm] [info]  2018/05/15 20:18:52.675403 [SQL] INSERT INTO `approver` (`id`,`approver_pwd`,`approver_name`,`department_id`) VALUES (?, ?, ?, ?) []interface {}{10331124, "09a1eaf4b15f4a3dd2efbbfa617ecb3f", "李怡", 1}
[xorm] [info]  2018/05/15 20:18:52.679260 [SQL] INSERT INTO `approver` (`id`,`approver_pwd`,`approver_name`,`department_id`) VALUES (?, ?, ?, ?) []interface {}{10331125, "748ac75f7b9f7375f22521ddce3fb766", "宋晓", 2}
[xorm] [info]  2018/05/15 20:18:52.683567 [SQL] INSERT INTO `approver` (`id`,`approver_pwd`,`approver_name`,`department_id`) VALUES (?, ?, ?, ?) []interface {}{10031124, "0d45c0f525c11354ba0ed4b9e3030214", "李芸", 3}
[xorm] [info]  2018/05/15 20:18:52.687417 [SQL] INSERT INTO `classroom` (`classroom_campus`,`classroom_building`,`classroom_num`,`capicity`) VALUES (?, ?, ?, ?) []interface {}{"东校园", "公教楼", "A204", 180}
[xorm] [info]  2018/05/15 20:18:52.692964 [SQL] INSERT INTO `classroom` (`classroom_campus`,`classroom_building`,`classroom_num`,`capicity`) VALUES (?, ?, ?, ?) []interface {}{"南校园", "第一教学楼", "A104", 100}
[xorm] [info]  2018/05/15 20:18:52.699922 [SQL] INSERT INTO `department` (`department_name`,`introduction`,`order`,`note`) VALUES (?, ?, ?, ?) []interface {}{"团委", "位于东校明德园6号，负责学生活动审批", 1, "initial"}
[xorm] [info]  2018/05/15 20:18:52.707887 [SQL] INSERT INTO `department` (`department_name`,`introduction`,`order`,`note`) VALUES (?, ?, ?, ?) []interface {}{"学院团委", "该部门主要负责本院活动的审批", 2, "middle"}
[xorm] [info]  2018/05/15 20:18:52.713158 [SQL] INSERT INTO `department` (`department_name`,`introduction`,`order`,`note`) VALUES (?, ?, ?, ?) []interface {}{"保卫办", "该部门主要负责对于活动和场所的审查", 3, "final"}
[xorm] [info]  2018/05/15 20:18:52.717329 [SQL] INSERT INTO `reservation` (`res_state`,`start_time`,`end_time`,`res_reason`,`approval_note`,`department_id`,`student_id`,`approver_id`,`classroom_id`,`organization_id`) VALUES (?, ?, ?, ?, ?, ?, ?, ?, ?, ?) []interface {}{"审批中", "2018-05-23 09:50:00", "2018-05-23 11:40:00", "社团面试", "批准", 1, 15331124, 10331124, 1, 1}
[xorm] [info]  2018/05/15 20:18:52.722941 [SQL] INSERT INTO `reservation` (`res_state`,`start_time`,`end_time`,`res_reason`,`approval_note`,`department_id`,`student_id`,`approver_id`,`classroom_id`,`organization_id`) VALUES (?, ?, ?, ?, ?, ?, ?, ?, ?, ?) []interface {}{"预定失败", "2018-05-24 14:25:00", "2018-05-24 16:15:00", "生日party", "不允许的活动", 1, 15331125, 10331124, 1, 2}
[xorm] [info]  2018/05/15 20:18:52.730644 [SQL] SELECT `id`, `student_pwd`, `student_name`, `organization_id` FROM `student` WHERE `id`=? LIMIT 1 []interface {}{15331124}
[xorm] [info]  2018/05/15 20:18:52.734229 [SQL] SELECT `id`, `student_pwd`, `student_name`, `organization_id` FROM `student` WHERE `id`=? LIMIT 1 []interface {}{15331124}
[xorm] [info]  2018/05/15 20:18:52.735197 [SQL] SELECT `id`, `student_pwd`, `student_name`, `organization_id` FROM `student`
[xorm] [info]  2018/05/15 20:18:52.735860 [SQL] UPDATE `student` SET `student_pwd` = ? WHERE `id`=? []interface {}{"0ef503d777a66db766ce3f8ce5cd3f14", 15331124}
[xorm] [info]  2018/05/15 20:18:52.739990 [SQL] DELETE FROM `student` WHERE `id`=? []interface {}{15331124}
[xorm] [info]  2018/05/15 20:18:52.745009 [SQL] INSERT INTO `student` (`id`,`student_pwd`,`student_name`,`organization_id`) VALUES (?, ?, ?, ?) []interface {}{15331124, "5243627672763cd3d4626ea0ebb7e06d", "王芳", 1}
[xorm] [info]  2018/05/15 20:18:52.750039 [SQL] SELECT `id`, `student_pwd`, `student_name`, `organization_id` FROM `student` WHERE `id`=? LIMIT 1 []interface {}{15331124}
[xorm] [info]  2018/05/15 20:18:52.751062 [SQL] SELECT `id`, `classroom_campus`, `classroom_building`, `classroom_num`, `capicity` FROM `classroom`
[xorm] [info]  2018/05/15 20:18:52.751587 [SQL] INSERT INTO `classroom` (`classroom_campus`,`classroom_building`,`classroom_num`,`capicity`) VALUES (?, ?, ?, ?) []interface {}{"北校园", "医学院院楼", "D104", 70}
[xorm] [info]  2018/05/15 20:18:52.756111 [SQL] SELECT `id`, `classroom_campus`, `classroom_building`, `classroom_num`, `capicity` FROM `classroom` WHERE `id`=? LIMIT 1 []interface {}{3}
[xorm] [info]  2018/05/15 20:18:52.758090 [SQL] UPDATE `classroom` SET `capicity` = ? WHERE `id`=? []interface {}{80, 3}
[xorm] [info]  2018/05/15 20:18:52.763833 [SQL] DELETE FROM `classroom` WHERE `id`=? []interface {}{3}
[xorm] [info]  2018/05/15 20:18:52.771792 [SQL] SELECT `id`, `classroom_campus`, `classroom_building`, `classroom_num`, `capicity` FROM `classroom` WHERE (classroom_campus = ? AND  classroom_building = ? and capicity > ?) []interface {}{"东校园", "公教楼", 50}
[xorm] [info]  2018/05/15 20:18:52.773808 [SQL] SELECT `id`, `res_state`, `start_time`, `end_time`, `res_reason`, `approval_note`, `department_id`, `student_id`, `approver_id`, `classroom_id`, `organization_id` FROM `reservation` WHERE (classroom_id = ? AND (start_time > ? OR  end_time < ?)) []interface {}{1, time.Time{wall:0xbeb6d1eb2e1b53fc, ext:362448021, loc:(*time.Location)(0xbae800)}, time.Time{wall:0xbeb6d1eb2e1b53fc, ext:362448021, loc:(*time.Location)(0xbae800)}}
[xorm] [debug] 2018/05/15 20:18:52.775466 empty zone key[start_time] : 2018-05-23 09:50:00 +0000 UTC | zone: UTC | location: {name:UTC zone:[] tx:[] cacheStart:0 cacheEnd:0 cacheZone:<nil>}
[xorm] [debug] 2018/05/15 20:18:52.775526 empty zone key[end_time] : 2018-05-23 11:40:00 +0000 UTC | zone: UTC | location: {name:UTC zone:[] tx:[] cacheStart:0 cacheEnd:0 cacheZone:<nil>}
[xorm] [debug] 2018/05/15 20:18:52.775629 empty zone key[start_time] : 2018-05-24 14:25:00 +0000 UTC | zone: UTC | location: {name:UTC zone:[] tx:[] cacheStart:0 cacheEnd:0 cacheZone:<nil>}
[xorm] [debug] 2018/05/15 20:18:52.775658 empty zone key[end_time] : 2018-05-24 16:15:00 +0000 UTC | zone: UTC | location: {name:UTC zone:[] tx:[] cacheStart:0 cacheEnd:0 cacheZone:<nil>}
[xorm] [info]  2018/05/15 20:18:52.776324 [SQL] SELECT `id`, `res_state`, `start_time`, `end_time`, `res_reason`, `approval_note`, `department_id`, `student_id`, `approver_id`, `classroom_id`, `organization_id` FROM `reservation` WHERE `id`=? LIMIT 1 []interface {}{1}
[xorm] [debug] 2018/05/15 20:18:52.777297 empty zone key[start_time] : 2018-05-23 09:50:00 +0000 UTC | zone: UTC | location: {name:UTC zone:[] tx:[] cacheStart:0 cacheEnd:0 cacheZone:<nil>}
[xorm] [debug] 2018/05/15 20:18:52.777344 empty zone key[end_time] : 2018-05-23 11:40:00 +0000 UTC | zone: UTC | location: {name:UTC zone:[] tx:[] cacheStart:0 cacheEnd:0 cacheZone:<nil>}
[xorm] [info]  2018/05/15 20:18:52.777796 [SQL] SELECT `id`, `department_name`, `introduction`, `order`, `note` FROM `department` WHERE (note = ?) LIMIT 1 []interface {}{"initial"}
[xorm] [info]  2018/05/15 20:18:52.778991 [SQL] SELECT `id`, `approver_pwd`, `approver_name`, `department_id` FROM `approver` WHERE (department_id = ?) []interface {}{1}
[xorm] [info]  2018/05/15 20:18:52.780060 [SQL] UPDATE `reservation` SET `res_state` = ?, `start_time` = ?, `end_time` = ?, `res_reason` = ?, `approval_note` = ?, `department_id` = ?, `student_id` = ?, `approver_id` = ?, `classroom_id` = ?, `organization_id` = ? WHERE `id`=? []interface {}{"", interface {}(nil), interface {}(nil), "考试复习", "", 0, 0, 0, 0, 0, 1}
[xorm] [info]  2018/05/15 20:18:52.784787 [SQL] DELETE FROM `reservation` WHERE `id`=? []interface {}{1}
[xorm] [info]  2018/05/15 20:18:52.789858 [SQL] SELECT `id`, `res_state`, `start_time`, `end_time`, `res_reason`, `approval_note`, `department_id`, `student_id`, `approver_id`, `classroom_id`, `organization_id` FROM `reservation` WHERE (student_id = ?) []interface {}{15331124}
[xorm] [info]  2018/05/15 20:18:52.791114 [SQL] SELECT `id`, `department_name`, `introduction`, `order`, `note` FROM `department` WHERE (note = ?) LIMIT 1 []interface {}{"initial"}
[xorm] [info]  2018/05/15 20:18:52.791898 [SQL] SELECT `id`, `student_pwd`, `student_name`, `organization_id` FROM `student` WHERE `id`=? LIMIT 1 []interface {}{15331124}
[xorm] [info]  2018/05/15 20:18:52.792631 [SQL] SELECT `id`, `approver_pwd`, `approver_name`, `department_id` FROM `approver` WHERE (department_id = ?) []interface {}{1}
[xorm] [info]  2018/05/15 20:18:52.793312 [SQL] INSERT INTO `reservation` (`res_state`,`start_time`,`end_time`,`res_reason`,`approval_note`,`department_id`,`student_id`,`approver_id`,`classroom_id`,`organization_id`) VALUES (?, ?, ?, ?, ?, ?, ?, ?, ?, ?) []interface {}{"审批中", "2018-06-13 09:50:00", "2018-06-13 11:40:00", "习题辅导课", "", 1, 15331124, 10331124, 2, 1}
[xorm] [info]  2018/05/15 20:18:52.797085 [SQL] SELECT `id`, `res_state`, `start_time`, `end_time`, `res_reason`, `approval_note`, `department_id`, `student_id`, `approver_id`, `classroom_id`, `organization_id` FROM `reservation` WHERE (student_id = ?) []interface {}{15331124}
[xorm] [info]  2018/05/15 20:18:52.798538 [SQL] SELECT `id`, `res_state`, `start_time`, `end_time`, `res_reason`, `approval_note`, `department_id`, `student_id`, `approver_id`, `classroom_id`, `organization_id` FROM `reservation` WHERE (approver_id = ?) []interface {}{10331124}
[xorm] [debug] 2018/05/15 20:18:52.799432 empty zone key[start_time] : 2018-05-24 14:25:00 +0000 UTC | zone: UTC | location: {name:UTC zone:[] tx:[] cacheStart:0 cacheEnd:0 cacheZone:<nil>}
[xorm] [debug] 2018/05/15 20:18:52.799468 empty zone key[end_time] : 2018-05-24 16:15:00 +0000 UTC | zone: UTC | location: {name:UTC zone:[] tx:[] cacheStart:0 cacheEnd:0 cacheZone:<nil>}
[xorm] [debug] 2018/05/15 20:18:52.799541 empty zone key[start_time] : 2018-06-13 09:50:00 +0000 UTC | zone: UTC | location: {name:UTC zone:[] tx:[] cacheStart:0 cacheEnd:0 cacheZone:<nil>}
[xorm] [debug] 2018/05/15 20:18:52.799565 empty zone key[end_time] : 2018-06-13 11:40:00 +0000 UTC | zone: UTC | location: {name:UTC zone:[] tx:[] cacheStart:0 cacheEnd:0 cacheZone:<nil>}
[xorm] [info]  2018/05/15 20:18:52.799856 [SQL] SELECT `id`, `department_name`, `introduction`, `order`, `note` FROM `department` ORDER BY `order` ASC
[xorm] [info]  2018/05/15 20:18:52.801408 [SQL] SELECT `id`, `department_name`, `introduction`, `order`, `note` FROM `department` ORDER BY `order` ASC
[xorm] [info]  2018/05/15 20:18:52.802016 [SQL] UPDATE `department` SET `department_name` = ?, `introduction` = ?, `order` = ?, `note` = ? WHERE `id`=? []interface {}{"学院团委", "该部门主要负责本院活动的审批", 3, "middle", 2}
[xorm] [info]  2018/05/15 20:18:52.806232 [SQL] UPDATE `department` SET `department_name` = ?, `introduction` = ?, `order` = ?, `note` = ? WHERE `id`=? []interface {}{"保卫办", "该部门主要负责对于活动和场所的审查", 4, "final", 3}
[xorm] [info]  2018/05/15 20:18:52.812052 [SQL] INSERT INTO `department` (`department_name`,`introduction`,`order`,`note`) VALUES (?, ?, ?, ?) []interface {}{"学生处", "活动审批的第二个部门", 2, "middle"}
[xorm] [info]  2018/05/15 20:18:52.817865 [SQL] SELECT `id`, `department_name`, `introduction`, `order`, `note` FROM `department` WHERE `id`=? LIMIT 1 []interface {}{2}
