[xorm] [info]  2018/05/26 15:17:10.973885 [SQL] INSERT INTO `student` (`id`,`student_pwd`,`student_name`) VALUES (?, ?, ?) []interface {}{15331124, "5243627672763cd3d4626ea0ebb7e06d", "王芳"}
[xorm] [info]  2018/05/26 15:17:10.975442 [SQL] INSERT INTO `student` (`id`,`student_pwd`,`student_name`) VALUES (?, ?, ?) []interface {}{15331125, "67b6bac54b407c7f69e4d65195515c48", "赵红"}
[xorm] [info]  2018/05/26 15:17:10.976716 [SQL] INSERT INTO `student` (`id`,`student_pwd`,`student_name`) VALUES (?, ?, ?) []interface {}{16331124, "878db465451b5f2d1826cf1a3e6fdecb", "王芸"}
[xorm] [info]  2018/05/26 15:17:10.978243 [SQL] INSERT INTO `student` (`id`,`student_pwd`,`student_name`) VALUES (?, ?, ?) []interface {}{16331125, "7ae1bc9ac89702e7ccb1ed20ef787557", "张晓"}
[xorm] [info]  2018/05/26 15:17:10.979430 [SQL] INSERT INTO `admin` (`id`,`admin_pwd`,`admin_name`) VALUES (?, ?, ?) []interface {}{11331124, "858e5a25636bd82ac3c2913039c270a1", "赵毅"}
[xorm] [info]  2018/05/26 15:17:10.980883 [SQL] INSERT INTO `admin` (`id`,`admin_pwd`,`admin_name`) VALUES (?, ?, ?) []interface {}{11331125, "afe4e651ba5d760727b7c161da011b1c", "李阳"}
[xorm] [info]  2018/05/26 15:17:10.982139 [SQL] INSERT INTO `admin` (`id`,`admin_pwd`,`admin_name`) VALUES (?, ?, ?) []interface {}{11331126, "394b123a38eb57982fc961ba5dce8f6b", "万余里"}
[xorm] [info]  2018/05/26 15:17:10.984154 [SQL] INSERT INTO `admin` (`id`,`admin_pwd`,`admin_name`) VALUES (?, ?, ?) []interface {}{11331127, "f9e5f4c7ab57ea2024e482bf481e51de", "陈向阳"}
[xorm] [info]  2018/05/26 15:17:10.985573 [SQL] INSERT INTO `approver` (`id`,`approver_pwd`,`approver_name`,`department_id`) VALUES (?, ?, ?, ?) []interface {}{10331124, "09a1eaf4b15f4a3dd2efbbfa617ecb3f", "李怡", 1}
[xorm] [info]  2018/05/26 15:17:10.986920 [SQL] INSERT INTO `approver` (`id`,`approver_pwd`,`approver_name`,`department_id`) VALUES (?, ?, ?, ?) []interface {}{10331125, "748ac75f7b9f7375f22521ddce3fb766", "宋晓", 2}
[xorm] [info]  2018/05/26 15:17:10.987839 [SQL] INSERT INTO `approver` (`id`,`approver_pwd`,`approver_name`,`department_id`) VALUES (?, ?, ?, ?) []interface {}{10331126, "aeb53f8b315795edf239e3fcc115f154", "李芸", 3}
[xorm] [info]  2018/05/26 15:17:10.989214 [SQL] INSERT INTO `approver` (`id`,`approver_pwd`,`approver_name`,`department_id`) VALUES (?, ?, ?, ?) []interface {}{10331127, "32f6e65730c3515db9176ff7f15d9081", "张丽", 1}
[xorm] [info]  2018/05/26 15:17:10.990039 [SQL] INSERT INTO `classroom` (`classroom_campus`,`classroom_building`,`classroom_num`,`capacity`) VALUES (?, ?, ?, ?) []interface {}{"东校园", "公教楼", "A201", 50}
[xorm] [info]  2018/05/26 15:17:10.992832 [SQL] INSERT INTO `classroom` (`classroom_campus`,`classroom_building`,`classroom_num`,`capacity`) VALUES (?, ?, ?, ?) []interface {}{"东校园", "公教楼", "A202", 50}
[xorm] [info]  2018/05/26 15:17:10.995182 [SQL] INSERT INTO `classroom` (`classroom_campus`,`classroom_building`,`classroom_num`,`capacity`) VALUES (?, ?, ?, ?) []interface {}{"东校园", "公教楼", "C102", 100}
[xorm] [info]  2018/05/26 15:17:10.996438 [SQL] INSERT INTO `classroom` (`classroom_campus`,`classroom_building`,`classroom_num`,`capacity`) VALUES (?, ?, ?, ?) []interface {}{"东校园", "公教楼", "C101", 200}
[xorm] [info]  2018/05/26 15:17:10.998682 [SQL] INSERT INTO `classroom` (`classroom_campus`,`classroom_building`,`classroom_num`,`capacity`) VALUES (?, ?, ?, ?) []interface {}{"南校园", "第一教学楼", "A104", 100}
[xorm] [info]  2018/05/26 15:17:10.999954 [SQL] INSERT INTO `department` (`department_name`,`introduction`,`department_order`,`note`) VALUES (?, ?, ?, ?) []interface {}{"团委", "位于东校明德园6号，负责学生活动审批", 1, "initial"}
[xorm] [info]  2018/05/26 15:17:11.001225 [SQL] INSERT INTO `department` (`department_name`,`introduction`,`department_order`,`note`) VALUES (?, ?, ?, ?) []interface {}{"学院团委", "该部门主要负责本院活动的审批", 2, "middle"}
[xorm] [info]  2018/05/26 15:17:11.003280 [SQL] INSERT INTO `department` (`department_name`,`introduction`,`department_order`,`note`) VALUES (?, ?, ?, ?) []interface {}{"保卫办", "该部门主要负责对于活动和场所的审查", 3, "final"}
[xorm] [info]  2018/05/26 15:17:11.004506 [SQL] INSERT INTO `reservation` (`res_reason`,`start_time`,`end_time`,`classroom_id`,`student_id`,`organization_name`,`approver_id`,`res_state`,`approval_note`) VALUES (?, ?, ?, ?, ?, ?, ?, ?, ?) []interface {}{"社团面试", "2018-05-23 09:50:00", "2018-05-23 11:40:00", 1, 15331124, "东校园学生会", 10331124, 0, ""}
[xorm] [info]  2018/05/26 15:17:11.008363 [SQL] INSERT INTO `reservation` (`res_reason`,`start_time`,`end_time`,`classroom_id`,`student_id`,`organization_name`,`approver_id`,`res_state`,`approval_note`) VALUES (?, ?, ?, ?, ?, ?, ?, ?, ?) []interface {}{"生日party", "2018-05-24 14:25:00", "2018-05-24 16:15:00", 2, 15331124, "软工4班", 10331124, 3, "不允许教学区进行该活动"}
[xorm] [info]  2018/05/26 15:17:11.013519 [SQL] INSERT INTO `reservation` (`res_reason`,`start_time`,`end_time`,`classroom_id`,`student_id`,`organization_name`,`approver_id`,`res_state`,`approval_note`) VALUES (?, ?, ?, ?, ?, ?, ?, ?, ?) []interface {}{"班级会议", "2018-06-01 19:00:00", "2018-06-01 19:55:00", 3, 15331124, "软工4班", 10331126, 2, ""}
[xorm] [info]  2018/05/26 15:17:13.044906 [SQL] SELECT `id`, `res_reason`, `start_time`, `end_time`, `classroom_id`, `student_id`, `organization_name`, `approver_id`, `res_state`, `approval_note` FROM `reservation` WHERE (approver_id = ?) []interface {}{10331124}
[xorm] [debug] 2018/05/26 15:17:13.048347 empty zone key[start_time] : 2018-05-23 09:50:00 +0000 UTC | zone: UTC | location: {name:UTC zone:[] tx:[] cacheStart:0 cacheEnd:0 cacheZone:<nil>}
[xorm] [debug] 2018/05/26 15:17:13.048382 empty zone key[end_time] : 2018-05-23 11:40:00 +0000 UTC | zone: UTC | location: {name:UTC zone:[] tx:[] cacheStart:0 cacheEnd:0 cacheZone:<nil>}
[xorm] [debug] 2018/05/26 15:17:13.048434 empty zone key[start_time] : 2018-05-24 14:25:00 +0000 UTC | zone: UTC | location: {name:UTC zone:[] tx:[] cacheStart:0 cacheEnd:0 cacheZone:<nil>}
[xorm] [debug] 2018/05/26 15:17:13.048449 empty zone key[end_time] : 2018-05-24 16:15:00 +0000 UTC | zone: UTC | location: {name:UTC zone:[] tx:[] cacheStart:0 cacheEnd:0 cacheZone:<nil>}
[xorm] [info]  2018/05/26 15:17:13.048688 [SQL] SELECT `id`, `classroom_campus`, `classroom_building`, `classroom_num`, `capacity` FROM `classroom` WHERE `id`=? LIMIT 1 []interface {}{1}
[xorm] [info]  2018/05/26 15:17:14.976454 [SQL] SELECT `id`, `res_reason`, `start_time`, `end_time`, `classroom_id`, `student_id`, `organization_name`, `approver_id`, `res_state`, `approval_note` FROM `reservation` WHERE `id`=? LIMIT 1 []interface {}{1}
[xorm] [debug] 2018/05/26 15:17:14.979652 empty zone key[start_time] : 2018-05-23 09:50:00 +0000 UTC | zone: UTC | location: {name:UTC zone:[] tx:[] cacheStart:0 cacheEnd:0 cacheZone:<nil>}
[xorm] [debug] 2018/05/26 15:17:14.979761 empty zone key[end_time] : 2018-05-23 11:40:00 +0000 UTC | zone: UTC | location: {name:UTC zone:[] tx:[] cacheStart:0 cacheEnd:0 cacheZone:<nil>}
[xorm] [info]  2018/05/26 15:17:14.980133 [SQL] SELECT `id`, `approver_pwd`, `approver_name`, `department_id` FROM `approver` WHERE `id`=? LIMIT 1 []interface {}{10331124}
[xorm] [info]  2018/05/26 15:17:14.986872 [SQL] SELECT `id`, `department_name`, `introduction`, `department_order`, `note` FROM `department` WHERE `id`=? LIMIT 1 []interface {}{1}
[xorm] [info]  2018/05/26 15:17:14.990160 [SQL] SELECT `id`, `department_name`, `introduction`, `department_order`, `note` FROM `department` WHERE (department_order = ?) LIMIT 1 []interface {}{2}
[xorm] [info]  2018/05/26 15:17:14.992795 [SQL] SELECT `id`, `approver_pwd`, `approver_name`, `department_id` FROM `approver` WHERE (department_id = ?) []interface {}{2}
[xorm] [info]  2018/05/26 15:17:14.996261 [SQL] UPDATE `reservation` SET `res_reason` = ?, `organization_name` = ?, `approver_id` = ?, `res_state` = ?, `approval_note` = ? WHERE `id`=? []interface {}{"", "", 10331125, 0, "", 1}
