[xorm] [info]  2018/05/26 15:46:24.733560 [SQL] INSERT INTO `student` (`id`,`student_pwd`,`student_name`) VALUES (?, ?, ?) []interface {}{15331124, "5243627672763cd3d4626ea0ebb7e06d", "王芳"}
[xorm] [info]  2018/05/26 15:46:24.733856 [SQL] INSERT INTO `student` (`id`,`student_pwd`,`student_name`) VALUES (?, ?, ?) []interface {}{15331125, "67b6bac54b407c7f69e4d65195515c48", "赵红"}
[xorm] [info]  2018/05/26 15:46:24.734117 [SQL] INSERT INTO `student` (`id`,`student_pwd`,`student_name`) VALUES (?, ?, ?) []interface {}{16331124, "878db465451b5f2d1826cf1a3e6fdecb", "王芸"}
[xorm] [info]  2018/05/26 15:46:24.734374 [SQL] INSERT INTO `student` (`id`,`student_pwd`,`student_name`) VALUES (?, ?, ?) []interface {}{16331125, "7ae1bc9ac89702e7ccb1ed20ef787557", "张晓"}
[xorm] [info]  2018/05/26 15:46:24.734672 [SQL] INSERT INTO `admin` (`id`,`admin_pwd`,`admin_name`) VALUES (?, ?, ?) []interface {}{11331124, "858e5a25636bd82ac3c2913039c270a1", "赵毅"}
[xorm] [info]  2018/05/26 15:46:24.734971 [SQL] INSERT INTO `admin` (`id`,`admin_pwd`,`admin_name`) VALUES (?, ?, ?) []interface {}{11331125, "afe4e651ba5d760727b7c161da011b1c", "李阳"}
[xorm] [info]  2018/05/26 15:46:24.735330 [SQL] INSERT INTO `admin` (`id`,`admin_pwd`,`admin_name`) VALUES (?, ?, ?) []interface {}{11331126, "394b123a38eb57982fc961ba5dce8f6b", "万余里"}
[xorm] [info]  2018/05/26 15:46:24.735604 [SQL] INSERT INTO `admin` (`id`,`admin_pwd`,`admin_name`) VALUES (?, ?, ?) []interface {}{11331127, "f9e5f4c7ab57ea2024e482bf481e51de", "陈向阳"}
[xorm] [info]  2018/05/26 15:46:24.735867 [SQL] INSERT INTO `approver` (`id`,`approver_pwd`,`approver_name`,`department_id`) VALUES (?, ?, ?, ?) []interface {}{10331124, "09a1eaf4b15f4a3dd2efbbfa617ecb3f", "李怡", 1}
[xorm] [info]  2018/05/26 15:46:24.736128 [SQL] INSERT INTO `approver` (`id`,`approver_pwd`,`approver_name`,`department_id`) VALUES (?, ?, ?, ?) []interface {}{10331125, "748ac75f7b9f7375f22521ddce3fb766", "宋晓", 2}
[xorm] [info]  2018/05/26 15:46:24.736361 [SQL] INSERT INTO `approver` (`id`,`approver_pwd`,`approver_name`,`department_id`) VALUES (?, ?, ?, ?) []interface {}{10331126, "aeb53f8b315795edf239e3fcc115f154", "李芸", 3}
[xorm] [info]  2018/05/26 15:46:24.736587 [SQL] INSERT INTO `approver` (`id`,`approver_pwd`,`approver_name`,`department_id`) VALUES (?, ?, ?, ?) []interface {}{10331127, "32f6e65730c3515db9176ff7f15d9081", "张丽", 1}
[xorm] [info]  2018/05/26 15:46:24.736865 [SQL] INSERT INTO `classroom` (`classroom_campus`,`classroom_building`,`classroom_num`,`capacity`) VALUES (?, ?, ?, ?) []interface {}{"东校园", "公教楼", "A201", 50}
[xorm] [info]  2018/05/26 15:46:24.745234 [SQL] INSERT INTO `classroom` (`classroom_campus`,`classroom_building`,`classroom_num`,`capacity`) VALUES (?, ?, ?, ?) []interface {}{"东校园", "公教楼", "A202", 50}
[xorm] [info]  2018/05/26 15:46:24.747128 [SQL] INSERT INTO `classroom` (`classroom_campus`,`classroom_building`,`classroom_num`,`capacity`) VALUES (?, ?, ?, ?) []interface {}{"东校园", "公教楼", "C102", 100}
[xorm] [info]  2018/05/26 15:46:24.748155 [SQL] INSERT INTO `classroom` (`classroom_campus`,`classroom_building`,`classroom_num`,`capacity`) VALUES (?, ?, ?, ?) []interface {}{"东校园", "公教楼", "C101", 200}
[xorm] [info]  2018/05/26 15:46:24.749166 [SQL] INSERT INTO `classroom` (`classroom_campus`,`classroom_building`,`classroom_num`,`capacity`) VALUES (?, ?, ?, ?) []interface {}{"南校园", "第一教学楼", "A104", 100}
[xorm] [info]  2018/05/26 15:46:24.750927 [SQL] INSERT INTO `department` (`department_name`,`introduction`,`department_order`,`note`) VALUES (?, ?, ?, ?) []interface {}{"团委", "位于东校明德园6号，负责学生活动审批", 1, "initial"}
[xorm] [info]  2018/05/26 15:46:24.751993 [SQL] INSERT INTO `department` (`department_name`,`introduction`,`department_order`,`note`) VALUES (?, ?, ?, ?) []interface {}{"学院团委", "该部门主要负责本院活动的审批", 2, "middle"}
[xorm] [info]  2018/05/26 15:46:24.753048 [SQL] INSERT INTO `department` (`department_name`,`introduction`,`department_order`,`note`) VALUES (?, ?, ?, ?) []interface {}{"保卫办", "该部门主要负责对于活动和场所的审查", 3, "final"}
[xorm] [info]  2018/05/26 15:46:24.755065 [SQL] INSERT INTO `reservation` (`res_reason`,`start_time`,`end_time`,`classroom_id`,`student_id`,`organization_name`,`approver_id`,`res_state`,`approval_note`) VALUES (?, ?, ?, ?, ?, ?, ?, ?, ?) []interface {}{"社团面试", "2018-05-23 09:50:00", "2018-05-23 11:40:00", 1, 15331124, "东校园学生会", 10331124, 0, ""}
[xorm] [info]  2018/05/26 15:46:24.756169 [SQL] INSERT INTO `reservation` (`res_reason`,`start_time`,`end_time`,`classroom_id`,`student_id`,`organization_name`,`approver_id`,`res_state`,`approval_note`) VALUES (?, ?, ?, ?, ?, ?, ?, ?, ?) []interface {}{"生日party", "2018-05-24 14:25:00", "2018-05-24 16:15:00", 2, 15331124, "软工4班", 10331124, 3, "不允许教学区进行该活动"}
[xorm] [info]  2018/05/26 15:46:24.757178 [SQL] INSERT INTO `reservation` (`res_reason`,`start_time`,`end_time`,`classroom_id`,`student_id`,`organization_name`,`approver_id`,`res_state`,`approval_note`) VALUES (?, ?, ?, ?, ?, ?, ?, ?, ?) []interface {}{"班级会议", "2018-06-01 19:00:00", "2018-06-01 19:55:00", 3, 15331124, "软工4班", 10331126, 2, ""}
[xorm] [info]  2018/05/26 15:46:48.477342 [SQL] SELECT `id`, `student_pwd`, `student_name` FROM `student` WHERE `id`=? LIMIT 1 []interface {}{15331124}
[xorm] [info]  2018/05/26 15:46:52.045043 [SQL] SELECT `id`, `student_pwd`, `student_name` FROM `student` WHERE `id`=? LIMIT 1 []interface {}{15331124}
[xorm] [info]  2018/05/26 15:46:56.557010 [SQL] UPDATE `student` SET `student_pwd` = ? WHERE `id`=? []interface {}{"5243627672763cd3d4626ea0ebb7e06d", 15331124}
[xorm] [info]  2018/05/26 15:47:21.589713 [SQL] SELECT `id`, `approver_pwd`, `approver_name`, `department_id` FROM `approver` WHERE `id`=? LIMIT 1 []interface {}{10331124}
[xorm] [info]  2018/05/26 15:47:21.628876 [SQL] SELECT `id`, `res_reason`, `start_time`, `end_time`, `classroom_id`, `student_id`, `organization_name`, `approver_id`, `res_state`, `approval_note` FROM `reservation` WHERE (approver_id = ?) []interface {}{10331124}
[xorm] [debug] 2018/05/26 15:47:21.631874 empty zone key[start_time] : 2018-05-23 09:50:00 +0000 UTC | zone: UTC | location: {name:UTC zone:[] tx:[] cacheStart:0 cacheEnd:0 cacheZone:<nil>}
[xorm] [debug] 2018/05/26 15:47:21.631935 empty zone key[end_time] : 2018-05-23 11:40:00 +0000 UTC | zone: UTC | location: {name:UTC zone:[] tx:[] cacheStart:0 cacheEnd:0 cacheZone:<nil>}
[xorm] [debug] 2018/05/26 15:47:21.632002 empty zone key[start_time] : 2018-05-24 14:25:00 +0000 UTC | zone: UTC | location: {name:UTC zone:[] tx:[] cacheStart:0 cacheEnd:0 cacheZone:<nil>}
[xorm] [debug] 2018/05/26 15:47:21.632019 empty zone key[end_time] : 2018-05-24 16:15:00 +0000 UTC | zone: UTC | location: {name:UTC zone:[] tx:[] cacheStart:0 cacheEnd:0 cacheZone:<nil>}
[xorm] [info]  2018/05/26 15:47:21.632456 [SQL] SELECT `id`, `classroom_campus`, `classroom_building`, `classroom_num`, `capacity` FROM `classroom` WHERE `id`=? LIMIT 1 []interface {}{1}
[xorm] [info]  2018/05/26 15:47:23.785648 [SQL] SELECT `id`, `approver_pwd`, `approver_name`, `department_id` FROM `approver` WHERE `id`=? LIMIT 1 []interface {}{10331124}
[xorm] [info]  2018/05/26 15:47:30.404575 [SQL] UPDATE `approver` SET `approver_pwd` = ? WHERE `id`=? []interface {}{"09a1eaf4b15f4a3dd2efbbfa617ecb3f", 10331124}
[xorm] [info]  2018/05/26 15:47:43.036585 [SQL] SELECT `id`, `approver_pwd`, `approver_name`, `department_id` FROM `approver` WHERE `id`=? LIMIT 1 []interface {}{10331124}
[xorm] [info]  2018/05/26 15:47:43.088573 [SQL] SELECT `id`, `res_reason`, `start_time`, `end_time`, `classroom_id`, `student_id`, `organization_name`, `approver_id`, `res_state`, `approval_note` FROM `reservation` WHERE (approver_id = ?) []interface {}{10331124}
[xorm] [debug] 2018/05/26 15:47:43.089519 empty zone key[start_time] : 2018-05-23 09:50:00 +0000 UTC | zone: UTC | location: {name:UTC zone:[] tx:[] cacheStart:0 cacheEnd:0 cacheZone:<nil>}
[xorm] [debug] 2018/05/26 15:47:43.089601 empty zone key[end_time] : 2018-05-23 11:40:00 +0000 UTC | zone: UTC | location: {name:UTC zone:[] tx:[] cacheStart:0 cacheEnd:0 cacheZone:<nil>}
[xorm] [debug] 2018/05/26 15:47:43.089769 empty zone key[start_time] : 2018-05-24 14:25:00 +0000 UTC | zone: UTC | location: {name:UTC zone:[] tx:[] cacheStart:0 cacheEnd:0 cacheZone:<nil>}
[xorm] [debug] 2018/05/26 15:47:43.089831 empty zone key[end_time] : 2018-05-24 16:15:00 +0000 UTC | zone: UTC | location: {name:UTC zone:[] tx:[] cacheStart:0 cacheEnd:0 cacheZone:<nil>}
[xorm] [info]  2018/05/26 15:47:43.092705 [SQL] SELECT `id`, `classroom_campus`, `classroom_building`, `classroom_num`, `capacity` FROM `classroom` WHERE `id`=? LIMIT 1 []interface {}{1}
[xorm] [info]  2018/05/26 15:47:54.789990 [SQL] SELECT `id`, `admin_pwd`, `admin_name` FROM `admin` WHERE `id`=? LIMIT 1 []interface {}{11331124}
[xorm] [info]  2018/05/26 15:47:54.829988 [SQL] SELECT `id`, `classroom_campus`, `classroom_building`, `classroom_num`, `capacity` FROM `classroom`
[xorm] [info]  2018/05/26 15:54:13.934964 [SQL] SELECT `id`, `classroom_campus`, `classroom_building`, `classroom_num`, `capacity` FROM `classroom`
[xorm] [info]  2018/05/26 15:55:06.606552 [SQL] SELECT `id`, `student_pwd`, `student_name` FROM `student` WHERE `id`=? LIMIT 1 []interface {}{15331124}
[xorm] [info]  2018/05/26 15:55:54.167737 [SQL] SELECT `id`, `admin_pwd`, `admin_name` FROM `admin` WHERE `id`=? LIMIT 1 []interface {}{11331124}
[xorm] [info]  2018/05/26 15:55:54.258990 [SQL] SELECT `id`, `classroom_campus`, `classroom_building`, `classroom_num`, `capacity` FROM `classroom`
[xorm] [info]  2018/05/26 15:56:03.448865 [SQL] UPDATE `classroom` SET `classroom_campus` = ?, `classroom_building` = ?, `classroom_num` = ?, `capacity` = ? WHERE `id`=? []interface {}{"东校园", "公教楼", "A104", 200, 5}
[xorm] [info]  2018/05/26 15:56:08.372102 [SQL] SELECT `id`, `classroom_campus`, `classroom_building`, `classroom_num`, `capacity` FROM `classroom`
[xorm] [info]  2018/05/26 15:56:26.557587 [SQL] INSERT INTO `classroom` (`classroom_campus`,`classroom_building`,`classroom_num`,`capacity`) VALUES (?, ?, ?, ?) []interface {}{"东校园", "公教楼", "A404", 100}
[xorm] [info]  2018/05/26 15:56:29.280304 [SQL] SELECT `id`, `classroom_campus`, `classroom_building`, `classroom_num`, `capacity` FROM `classroom`
[xorm] [info]  2018/05/26 15:56:33.734147 [SQL] DELETE FROM `classroom` WHERE `id`=? []interface {}{16}
[xorm] [info]  2018/05/26 15:56:33.745975 [SQL] SELECT `id`, `res_reason`, `start_time`, `end_time`, `classroom_id`, `student_id`, `organization_name`, `approver_id`, `res_state`, `approval_note` FROM `reservation` WHERE (classroom_id = ?) []interface {}{16}
[xorm] [info]  2018/05/26 15:56:36.414309 [SQL] SELECT `id`, `classroom_campus`, `classroom_building`, `classroom_num`, `capacity` FROM `classroom`
[xorm] [info]  2018/05/26 15:56:47.876287 [SQL] SELECT `id`, `classroom_campus`, `classroom_building`, `classroom_num`, `capacity` FROM `classroom`
[xorm] [info]  2018/05/26 15:56:51.080031 [SQL] SELECT `id`, `student_pwd`, `student_name` FROM `student`
[xorm] [info]  2018/05/26 15:57:16.577846 [SQL] INSERT INTO `student` (`id`,`student_pwd`,`student_name`) VALUES (?, ?, ?) []interface {}{13331128, "07b1300ce567c4fd2c5c19f226c8e496", "张飞"}
[xorm] [info]  2018/05/26 15:57:20.301063 [SQL] SELECT `id`, `classroom_campus`, `classroom_building`, `classroom_num`, `capacity` FROM `classroom`
[xorm] [info]  2018/05/26 15:57:21.838538 [SQL] SELECT `id`, `student_pwd`, `student_name` FROM `student`
[xorm] [info]  2018/05/26 15:57:34.434956 [SQL] DELETE FROM `student` WHERE `id`=? []interface {}{13331128}
[xorm] [info]  2018/05/26 15:57:34.446861 [SQL] SELECT `id`, `res_reason`, `start_time`, `end_time`, `classroom_id`, `student_id`, `organization_name`, `approver_id`, `res_state`, `approval_note` FROM `reservation` WHERE (student_id = ?) []interface {}{13331128}
[xorm] [info]  2018/05/26 15:57:52.784903 [SQL] INSERT INTO `student` (`id`,`student_pwd`,`student_name`) VALUES (?, ?, ?) []interface {}{15331128, "275f2255677f90f1d71e8fc2c12ffd41", "张飞"}
[xorm] [info]  2018/05/26 15:57:55.192466 [SQL] SELECT `id`, `classroom_campus`, `classroom_building`, `classroom_num`, `capacity` FROM `classroom`
[xorm] [info]  2018/05/26 15:57:55.766721 [SQL] SELECT `id`, `student_pwd`, `student_name` FROM `student`
[xorm] [info]  2018/05/26 16:01:00.059283 [SQL] SELECT `id`, `admin_pwd`, `admin_name` FROM `admin` WHERE `id`=? LIMIT 1 []interface {}{11331124}
[xorm] [info]  2018/05/26 16:01:00.078525 [SQL] SELECT `id`, `classroom_campus`, `classroom_building`, `classroom_num`, `capacity` FROM `classroom`
[xorm] [info]  2018/05/26 16:01:03.407028 [SQL] SELECT `id`, `student_pwd`, `student_name` FROM `student`
[xorm] [info]  2018/05/26 16:01:10.314480 [SQL] SELECT `id`, `approver_pwd`, `approver_name`, `department_id` FROM `approver`
[xorm] [info]  2018/05/26 16:01:55.395885 [SQL] SELECT `id`, `department_name`, `introduction`, `department_order`, `note` FROM `department` WHERE `id`=? LIMIT 1 []interface {}{2}
[xorm] [info]  2018/05/26 16:01:55.397948 [SQL] INSERT INTO `approver` (`id`,`approver_pwd`,`approver_name`,`department_id`) VALUES (?, ?, ?, ?) []interface {}{10331128, "023565b95199f364ebcd3fd6c9e63cbc", "赵云", 2}
[xorm] [info]  2018/05/26 16:01:59.302904 [SQL] SELECT `id`, `classroom_campus`, `classroom_building`, `classroom_num`, `capacity` FROM `classroom`
[xorm] [info]  2018/05/26 16:02:00.681812 [SQL] SELECT `id`, `approver_pwd`, `approver_name`, `department_id` FROM `approver`
[xorm] [info]  2018/05/26 16:02:05.078990 [SQL] SELECT `id`, `approver_pwd`, `approver_name`, `department_id` FROM `approver` WHERE `id`=? LIMIT 1 []interface {}{10331128}
[xorm] [info]  2018/05/26 16:02:05.080801 [SQL] DELETE FROM `approver` WHERE `id`=? []interface {}{10331128}
[xorm] [info]  2018/05/26 16:02:05.101153 [SQL] SELECT `id`, `approver_pwd`, `approver_name`, `department_id` FROM `approver` WHERE (department_id = ?) []interface {}{2}
[xorm] [info]  2018/05/26 16:02:05.102753 [SQL] SELECT `id`, `res_reason`, `start_time`, `end_time`, `classroom_id`, `student_id`, `organization_name`, `approver_id`, `res_state`, `approval_note` FROM `reservation` WHERE (approver_id = ?) []interface {}{10331128}
[xorm] [info]  2018/05/26 16:02:08.044419 [SQL] SELECT `id`, `classroom_campus`, `classroom_building`, `classroom_num`, `capacity` FROM `classroom`
[xorm] [info]  2018/05/26 16:02:09.541060 [SQL] SELECT `id`, `approver_pwd`, `approver_name`, `department_id` FROM `approver`
