[xorm] [info]  2018/05/26 15:41:48.894592 [SQL] INSERT INTO `student` (`id`,`student_pwd`,`student_name`) VALUES (?, ?, ?) []interface {}{15331124, "5243627672763cd3d4626ea0ebb7e06d", "王芳"}
[xorm] [info]  2018/05/26 15:41:48.894976 [SQL] INSERT INTO `student` (`id`,`student_pwd`,`student_name`) VALUES (?, ?, ?) []interface {}{15331125, "67b6bac54b407c7f69e4d65195515c48", "赵红"}
[xorm] [info]  2018/05/26 15:41:48.895237 [SQL] INSERT INTO `student` (`id`,`student_pwd`,`student_name`) VALUES (?, ?, ?) []interface {}{16331124, "878db465451b5f2d1826cf1a3e6fdecb", "王芸"}
[xorm] [info]  2018/05/26 15:41:48.895490 [SQL] INSERT INTO `student` (`id`,`student_pwd`,`student_name`) VALUES (?, ?, ?) []interface {}{16331125, "7ae1bc9ac89702e7ccb1ed20ef787557", "张晓"}
[xorm] [info]  2018/05/26 15:41:48.895751 [SQL] INSERT INTO `admin` (`id`,`admin_pwd`,`admin_name`) VALUES (?, ?, ?) []interface {}{11331124, "858e5a25636bd82ac3c2913039c270a1", "赵毅"}
[xorm] [info]  2018/05/26 15:41:48.896011 [SQL] INSERT INTO `admin` (`id`,`admin_pwd`,`admin_name`) VALUES (?, ?, ?) []interface {}{11331125, "afe4e651ba5d760727b7c161da011b1c", "李阳"}
[xorm] [info]  2018/05/26 15:41:48.896257 [SQL] INSERT INTO `admin` (`id`,`admin_pwd`,`admin_name`) VALUES (?, ?, ?) []interface {}{11331126, "394b123a38eb57982fc961ba5dce8f6b", "万余里"}
[xorm] [info]  2018/05/26 15:41:48.896537 [SQL] INSERT INTO `admin` (`id`,`admin_pwd`,`admin_name`) VALUES (?, ?, ?) []interface {}{11331127, "f9e5f4c7ab57ea2024e482bf481e51de", "陈向阳"}
[xorm] [info]  2018/05/26 15:41:48.896826 [SQL] INSERT INTO `approver` (`id`,`approver_pwd`,`approver_name`,`department_id`) VALUES (?, ?, ?, ?) []interface {}{10331124, "09a1eaf4b15f4a3dd2efbbfa617ecb3f", "李怡", 1}
[xorm] [info]  2018/05/26 15:41:48.897069 [SQL] INSERT INTO `approver` (`id`,`approver_pwd`,`approver_name`,`department_id`) VALUES (?, ?, ?, ?) []interface {}{10331125, "748ac75f7b9f7375f22521ddce3fb766", "宋晓", 2}
[xorm] [info]  2018/05/26 15:41:48.897296 [SQL] INSERT INTO `approver` (`id`,`approver_pwd`,`approver_name`,`department_id`) VALUES (?, ?, ?, ?) []interface {}{10331126, "aeb53f8b315795edf239e3fcc115f154", "李芸", 3}
[xorm] [info]  2018/05/26 15:41:48.897533 [SQL] INSERT INTO `approver` (`id`,`approver_pwd`,`approver_name`,`department_id`) VALUES (?, ?, ?, ?) []interface {}{10331127, "32f6e65730c3515db9176ff7f15d9081", "张丽", 1}
[xorm] [info]  2018/05/26 15:41:48.897793 [SQL] INSERT INTO `classroom` (`classroom_campus`,`classroom_building`,`classroom_num`,`capacity`) VALUES (?, ?, ?, ?) []interface {}{"东校园", "公教楼", "A201", 50}
[xorm] [info]  2018/05/26 15:41:48.906315 [SQL] INSERT INTO `classroom` (`classroom_campus`,`classroom_building`,`classroom_num`,`capacity`) VALUES (?, ?, ?, ?) []interface {}{"东校园", "公教楼", "A202", 50}
[xorm] [info]  2018/05/26 15:41:48.908091 [SQL] INSERT INTO `classroom` (`classroom_campus`,`classroom_building`,`classroom_num`,`capacity`) VALUES (?, ?, ?, ?) []interface {}{"东校园", "公教楼", "C102", 100}
[xorm] [info]  2018/05/26 15:41:48.909202 [SQL] INSERT INTO `classroom` (`classroom_campus`,`classroom_building`,`classroom_num`,`capacity`) VALUES (?, ?, ?, ?) []interface {}{"东校园", "公教楼", "C101", 200}
[xorm] [info]  2018/05/26 15:41:48.910878 [SQL] INSERT INTO `classroom` (`classroom_campus`,`classroom_building`,`classroom_num`,`capacity`) VALUES (?, ?, ?, ?) []interface {}{"南校园", "第一教学楼", "A104", 100}
[xorm] [info]  2018/05/26 15:41:48.911860 [SQL] INSERT INTO `department` (`department_name`,`introduction`,`department_order`,`note`) VALUES (?, ?, ?, ?) []interface {}{"团委", "位于东校明德园6号，负责学生活动审批", 1, "initial"}
[xorm] [info]  2018/05/26 15:41:48.912816 [SQL] INSERT INTO `department` (`department_name`,`introduction`,`department_order`,`note`) VALUES (?, ?, ?, ?) []interface {}{"学院团委", "该部门主要负责本院活动的审批", 2, "middle"}
[xorm] [info]  2018/05/26 15:41:48.914386 [SQL] INSERT INTO `department` (`department_name`,`introduction`,`department_order`,`note`) VALUES (?, ?, ?, ?) []interface {}{"保卫办", "该部门主要负责对于活动和场所的审查", 3, "final"}
[xorm] [info]  2018/05/26 15:41:48.915470 [SQL] INSERT INTO `reservation` (`res_reason`,`start_time`,`end_time`,`classroom_id`,`student_id`,`organization_name`,`approver_id`,`res_state`,`approval_note`) VALUES (?, ?, ?, ?, ?, ?, ?, ?, ?) []interface {}{"社团面试", "2018-05-23 09:50:00", "2018-05-23 11:40:00", 1, 15331124, "东校园学生会", 10331124, 0, ""}
[xorm] [info]  2018/05/26 15:41:48.916522 [SQL] INSERT INTO `reservation` (`res_reason`,`start_time`,`end_time`,`classroom_id`,`student_id`,`organization_name`,`approver_id`,`res_state`,`approval_note`) VALUES (?, ?, ?, ?, ?, ?, ?, ?, ?) []interface {}{"生日party", "2018-05-24 14:25:00", "2018-05-24 16:15:00", 2, 15331124, "软工4班", 10331124, 3, "不允许教学区进行该活动"}
[xorm] [info]  2018/05/26 15:41:48.918249 [SQL] INSERT INTO `reservation` (`res_reason`,`start_time`,`end_time`,`classroom_id`,`student_id`,`organization_name`,`approver_id`,`res_state`,`approval_note`) VALUES (?, ?, ?, ?, ?, ?, ?, ?, ?) []interface {}{"班级会议", "2018-06-01 19:00:00", "2018-06-01 19:55:00", 3, 15331124, "软工4班", 10331126, 2, ""}
[xorm] [info]  2018/05/26 15:41:53.030901 [SQL] SELECT `id`, `res_reason`, `start_time`, `end_time`, `classroom_id`, `student_id`, `organization_name`, `approver_id`, `res_state`, `approval_note` FROM `reservation` WHERE (approver_id = ?) []interface {}{10331125}
[xorm] [debug] 2018/05/26 15:41:53.032772 empty zone key[start_time] : 2018-05-30 15:20:00 +0000 UTC | zone: UTC | location: {name:UTC zone:[] tx:[] cacheStart:0 cacheEnd:0 cacheZone:<nil>}
[xorm] [debug] 2018/05/26 15:41:53.032808 empty zone key[end_time] : 2018-05-30 17:10:00 +0000 UTC | zone: UTC | location: {name:UTC zone:[] tx:[] cacheStart:0 cacheEnd:0 cacheZone:<nil>}
[xorm] [info]  2018/05/26 15:41:53.032936 [SQL] SELECT `id`, `classroom_campus`, `classroom_building`, `classroom_num`, `capacity` FROM `classroom` WHERE `id`=? LIMIT 1 []interface {}{1}
[xorm] [info]  2018/05/26 15:42:03.259178 [SQL] SELECT `id`, `res_reason`, `start_time`, `end_time`, `classroom_id`, `student_id`, `organization_name`, `approver_id`, `res_state`, `approval_note` FROM `reservation` WHERE `id`=? LIMIT 1 []interface {}{4}
[xorm] [debug] 2018/05/26 15:42:03.261484 empty zone key[start_time] : 2018-05-30 15:20:00 +0000 UTC | zone: UTC | location: {name:UTC zone:[] tx:[] cacheStart:0 cacheEnd:0 cacheZone:<nil>}
[xorm] [debug] 2018/05/26 15:42:03.261591 empty zone key[end_time] : 2018-05-30 17:10:00 +0000 UTC | zone: UTC | location: {name:UTC zone:[] tx:[] cacheStart:0 cacheEnd:0 cacheZone:<nil>}
[xorm] [info]  2018/05/26 15:42:03.261964 [SQL] SELECT `id`, `approver_pwd`, `approver_name`, `department_id` FROM `approver` WHERE `id`=? LIMIT 1 []interface {}{10331125}
[xorm] [info]  2018/05/26 15:42:03.265258 [SQL] SELECT `id`, `department_name`, `introduction`, `department_order`, `note` FROM `department` WHERE `id`=? LIMIT 1 []interface {}{2}
[xorm] [info]  2018/05/26 15:42:03.270700 [SQL] SELECT `id`, `department_name`, `introduction`, `department_order`, `note` FROM `department` WHERE (department_order = ?) LIMIT 1 []interface {}{3}
[xorm] [info]  2018/05/26 15:42:03.275586 [SQL] SELECT `id`, `approver_pwd`, `approver_name`, `department_id` FROM `approver` WHERE (department_id = ?) []interface {}{3}
[xorm] [info]  2018/05/26 15:42:03.277093 [SQL] UPDATE `reservation` SET `res_reason` = ?, `organization_name` = ?, `approver_id` = ?, `res_state` = ?, `approval_note` = ? WHERE `id`=? []interface {}{"春游", "软八", 10331126, 1, "", 4}
[xorm] [info]  2018/05/26 15:42:13.813557 [SQL] SELECT `id`, `approver_pwd`, `approver_name`, `department_id` FROM `approver` WHERE `id`=? LIMIT 1 []interface {}{10331126}
[xorm] [info]  2018/05/26 15:42:13.878489 [SQL] SELECT `id`, `res_reason`, `start_time`, `end_time`, `classroom_id`, `student_id`, `organization_name`, `approver_id`, `res_state`, `approval_note` FROM `reservation` WHERE (approver_id = ?) []interface {}{10331126}
[xorm] [debug] 2018/05/26 15:42:13.880529 empty zone key[start_time] : 2018-06-01 19:00:00 +0000 UTC | zone: UTC | location: {name:UTC zone:[] tx:[] cacheStart:0 cacheEnd:0 cacheZone:<nil>}
[xorm] [debug] 2018/05/26 15:42:13.880615 empty zone key[end_time] : 2018-06-01 19:55:00 +0000 UTC | zone: UTC | location: {name:UTC zone:[] tx:[] cacheStart:0 cacheEnd:0 cacheZone:<nil>}
[xorm] [debug] 2018/05/26 15:42:13.880876 empty zone key[start_time] : 2018-05-30 15:20:00 +0000 UTC | zone: UTC | location: {name:UTC zone:[] tx:[] cacheStart:0 cacheEnd:0 cacheZone:<nil>}
[xorm] [debug] 2018/05/26 15:42:13.880942 empty zone key[end_time] : 2018-05-30 17:10:00 +0000 UTC | zone: UTC | location: {name:UTC zone:[] tx:[] cacheStart:0 cacheEnd:0 cacheZone:<nil>}
[xorm] [info]  2018/05/26 15:42:13.881734 [SQL] SELECT `id`, `classroom_campus`, `classroom_building`, `classroom_num`, `capacity` FROM `classroom` WHERE `id`=? LIMIT 1 []interface {}{1}
[xorm] [info]  2018/05/26 15:42:19.020073 [SQL] SELECT `id`, `res_reason`, `start_time`, `end_time`, `classroom_id`, `student_id`, `organization_name`, `approver_id`, `res_state`, `approval_note` FROM `reservation` WHERE `id`=? LIMIT 1 []interface {}{4}
[xorm] [debug] 2018/05/26 15:42:19.022752 empty zone key[start_time] : 2018-05-30 15:20:00 +0000 UTC | zone: UTC | location: {name:UTC zone:[] tx:[] cacheStart:0 cacheEnd:0 cacheZone:<nil>}
[xorm] [debug] 2018/05/26 15:42:19.022857 empty zone key[end_time] : 2018-05-30 17:10:00 +0000 UTC | zone: UTC | location: {name:UTC zone:[] tx:[] cacheStart:0 cacheEnd:0 cacheZone:<nil>}
[xorm] [info]  2018/05/26 15:42:19.023086 [SQL] SELECT `id`, `approver_pwd`, `approver_name`, `department_id` FROM `approver` WHERE `id`=? LIMIT 1 []interface {}{10331126}
[xorm] [info]  2018/05/26 15:42:19.026082 [SQL] SELECT `id`, `department_name`, `introduction`, `department_order`, `note` FROM `department` WHERE `id`=? LIMIT 1 []interface {}{3}
[xorm] [info]  2018/05/26 15:42:19.028428 [SQL] UPDATE `reservation` SET `res_reason` = ?, `organization_name` = ?, `approver_id` = ?, `res_state` = ?, `approval_note` = ? WHERE `id`=? []interface {}{"春游", "软八", 0, 2, "", 4}
[xorm] [info]  2018/05/26 15:42:33.444224 [SQL] SELECT `id`, `student_pwd`, `student_name` FROM `student` WHERE `id`=? LIMIT 1 []interface {}{15331124}
[xorm] [info]  2018/05/26 15:42:34.562581 [SQL] SELECT `id`, `res_reason`, `start_time`, `end_time`, `classroom_id`, `student_id`, `organization_name`, `approver_id`, `res_state`, `approval_note` FROM `reservation` WHERE (student_id = ?) []interface {}{15331124}
[xorm] [debug] 2018/05/26 15:42:34.564973 empty zone key[start_time] : 2018-05-23 09:50:00 +0000 UTC | zone: UTC | location: {name:UTC zone:[] tx:[] cacheStart:0 cacheEnd:0 cacheZone:<nil>}
[xorm] [debug] 2018/05/26 15:42:34.565078 empty zone key[end_time] : 2018-05-23 11:40:00 +0000 UTC | zone: UTC | location: {name:UTC zone:[] tx:[] cacheStart:0 cacheEnd:0 cacheZone:<nil>}
[xorm] [debug] 2018/05/26 15:42:34.565240 empty zone key[start_time] : 2018-05-24 14:25:00 +0000 UTC | zone: UTC | location: {name:UTC zone:[] tx:[] cacheStart:0 cacheEnd:0 cacheZone:<nil>}
[xorm] [debug] 2018/05/26 15:42:34.565290 empty zone key[end_time] : 2018-05-24 16:15:00 +0000 UTC | zone: UTC | location: {name:UTC zone:[] tx:[] cacheStart:0 cacheEnd:0 cacheZone:<nil>}
[xorm] [debug] 2018/05/26 15:42:34.565401 empty zone key[start_time] : 2018-06-01 19:00:00 +0000 UTC | zone: UTC | location: {name:UTC zone:[] tx:[] cacheStart:0 cacheEnd:0 cacheZone:<nil>}
[xorm] [debug] 2018/05/26 15:42:34.565448 empty zone key[end_time] : 2018-06-01 19:55:00 +0000 UTC | zone: UTC | location: {name:UTC zone:[] tx:[] cacheStart:0 cacheEnd:0 cacheZone:<nil>}
[xorm] [debug] 2018/05/26 15:42:34.565557 empty zone key[start_time] : 2018-05-30 15:20:00 +0000 UTC | zone: UTC | location: {name:UTC zone:[] tx:[] cacheStart:0 cacheEnd:0 cacheZone:<nil>}
[xorm] [debug] 2018/05/26 15:42:34.565603 empty zone key[end_time] : 2018-05-30 17:10:00 +0000 UTC | zone: UTC | location: {name:UTC zone:[] tx:[] cacheStart:0 cacheEnd:0 cacheZone:<nil>}
[xorm] [info]  2018/05/26 15:42:34.565969 [SQL] SELECT `id`, `classroom_campus`, `classroom_building`, `classroom_num`, `capacity` FROM `classroom` WHERE `id`=? LIMIT 1 []interface {}{1}
[xorm] [info]  2018/05/26 15:42:34.568509 [SQL] SELECT `id`, `classroom_campus`, `classroom_building`, `classroom_num`, `capacity` FROM `classroom` WHERE `id`=? LIMIT 1 []interface {}{2}
[xorm] [info]  2018/05/26 15:42:34.571033 [SQL] SELECT `id`, `classroom_campus`, `classroom_building`, `classroom_num`, `capacity` FROM `classroom` WHERE `id`=? LIMIT 1 []interface {}{3}
[xorm] [info]  2018/05/26 15:42:34.573655 [SQL] SELECT `id`, `classroom_campus`, `classroom_building`, `classroom_num`, `capacity` FROM `classroom` WHERE `id`=? LIMIT 1 []interface {}{1}
[xorm] [info]  2018/05/26 15:42:45.565003 [SQL] SELECT `id`, `student_pwd`, `student_name` FROM `student` WHERE `id`=? LIMIT 1 []interface {}{15331124}
[xorm] [info]  2018/05/26 15:43:05.748659 [SQL] UPDATE `student` SET `student_pwd` = ? WHERE `id`=? []interface {}{"0ef503d777a66db766ce3f8ce5cd3f14", 15331124}
[xorm] [info]  2018/05/26 15:43:52.844380 [SQL] SELECT `id`, `approver_pwd`, `approver_name`, `department_id` FROM `approver` WHERE `id`=? LIMIT 1 []interface {}{10331124}
[xorm] [info]  2018/05/26 15:43:52.876145 [SQL] SELECT `id`, `res_reason`, `start_time`, `end_time`, `classroom_id`, `student_id`, `organization_name`, `approver_id`, `res_state`, `approval_note` FROM `reservation` WHERE (approver_id = ?) []interface {}{10331124}
[xorm] [debug] 2018/05/26 15:43:52.877366 empty zone key[start_time] : 2018-05-23 09:50:00 +0000 UTC | zone: UTC | location: {name:UTC zone:[] tx:[] cacheStart:0 cacheEnd:0 cacheZone:<nil>}
[xorm] [debug] 2018/05/26 15:43:52.877415 empty zone key[end_time] : 2018-05-23 11:40:00 +0000 UTC | zone: UTC | location: {name:UTC zone:[] tx:[] cacheStart:0 cacheEnd:0 cacheZone:<nil>}
[xorm] [debug] 2018/05/26 15:43:52.877477 empty zone key[start_time] : 2018-05-24 14:25:00 +0000 UTC | zone: UTC | location: {name:UTC zone:[] tx:[] cacheStart:0 cacheEnd:0 cacheZone:<nil>}
[xorm] [debug] 2018/05/26 15:43:52.877495 empty zone key[end_time] : 2018-05-24 16:15:00 +0000 UTC | zone: UTC | location: {name:UTC zone:[] tx:[] cacheStart:0 cacheEnd:0 cacheZone:<nil>}
[xorm] [info]  2018/05/26 15:43:52.877824 [SQL] SELECT `id`, `classroom_campus`, `classroom_building`, `classroom_num`, `capacity` FROM `classroom` WHERE `id`=? LIMIT 1 []interface {}{1}
[xorm] [info]  2018/05/26 15:43:55.019219 [SQL] SELECT `id`, `approver_pwd`, `approver_name`, `department_id` FROM `approver` WHERE `id`=? LIMIT 1 []interface {}{10331124}
[xorm] [info]  2018/05/26 15:44:01.740637 [SQL] UPDATE `approver` SET `approver_pwd` = ? WHERE `id`=? []interface {}{"3b4b0512f541241add28b7669fceb217", 10331124}
