[xorm] [info]  2018/05/26 15:11:06.123817 [SQL] INSERT INTO `student` (`id`,`student_pwd`,`student_name`) VALUES (?, ?, ?) []interface {}{15331124, "5243627672763cd3d4626ea0ebb7e06d", "王芳"}
[xorm] [info]  2018/05/26 15:11:06.124340 [SQL] INSERT INTO `student` (`id`,`student_pwd`,`student_name`) VALUES (?, ?, ?) []interface {}{15331125, "67b6bac54b407c7f69e4d65195515c48", "赵红"}
[xorm] [info]  2018/05/26 15:11:06.124642 [SQL] INSERT INTO `student` (`id`,`student_pwd`,`student_name`) VALUES (?, ?, ?) []interface {}{16331124, "878db465451b5f2d1826cf1a3e6fdecb", "王芸"}
[xorm] [info]  2018/05/26 15:11:06.124914 [SQL] INSERT INTO `student` (`id`,`student_pwd`,`student_name`) VALUES (?, ?, ?) []interface {}{16331125, "7ae1bc9ac89702e7ccb1ed20ef787557", "张晓"}
[xorm] [info]  2018/05/26 15:11:06.125193 [SQL] INSERT INTO `admin` (`id`,`admin_pwd`,`admin_name`) VALUES (?, ?, ?) []interface {}{11331124, "858e5a25636bd82ac3c2913039c270a1", "赵毅"}
[xorm] [info]  2018/05/26 15:11:06.125616 [SQL] INSERT INTO `admin` (`id`,`admin_pwd`,`admin_name`) VALUES (?, ?, ?) []interface {}{11331125, "afe4e651ba5d760727b7c161da011b1c", "李阳"}
[xorm] [info]  2018/05/26 15:11:06.125975 [SQL] INSERT INTO `admin` (`id`,`admin_pwd`,`admin_name`) VALUES (?, ?, ?) []interface {}{11331126, "394b123a38eb57982fc961ba5dce8f6b", "万余里"}
[xorm] [info]  2018/05/26 15:11:06.126344 [SQL] INSERT INTO `admin` (`id`,`admin_pwd`,`admin_name`) VALUES (?, ?, ?) []interface {}{11331127, "f9e5f4c7ab57ea2024e482bf481e51de", "陈向阳"}
[xorm] [info]  2018/05/26 15:11:06.126891 [SQL] INSERT INTO `approver` (`id`,`approver_pwd`,`approver_name`,`department_id`) VALUES (?, ?, ?, ?) []interface {}{10331124, "09a1eaf4b15f4a3dd2efbbfa617ecb3f", "李怡", 1}
[xorm] [info]  2018/05/26 15:11:06.127426 [SQL] INSERT INTO `approver` (`id`,`approver_pwd`,`approver_name`,`department_id`) VALUES (?, ?, ?, ?) []interface {}{10331125, "748ac75f7b9f7375f22521ddce3fb766", "宋晓", 2}
[xorm] [info]  2018/05/26 15:11:06.127983 [SQL] INSERT INTO `approver` (`id`,`approver_pwd`,`approver_name`,`department_id`) VALUES (?, ?, ?, ?) []interface {}{10331126, "aeb53f8b315795edf239e3fcc115f154", "李芸", 3}
[xorm] [info]  2018/05/26 15:11:06.128411 [SQL] INSERT INTO `approver` (`id`,`approver_pwd`,`approver_name`,`department_id`) VALUES (?, ?, ?, ?) []interface {}{10331127, "32f6e65730c3515db9176ff7f15d9081", "张丽", 1}
[xorm] [info]  2018/05/26 15:11:06.128984 [SQL] INSERT INTO `classroom` (`classroom_campus`,`classroom_building`,`classroom_num`,`capacity`) VALUES (?, ?, ?, ?) []interface {}{"东校园", "公教楼", "A201", 50}
[xorm] [info]  2018/05/26 15:11:06.132408 [SQL] INSERT INTO `classroom` (`classroom_campus`,`classroom_building`,`classroom_num`,`capacity`) VALUES (?, ?, ?, ?) []interface {}{"东校园", "公教楼", "A202", 50}
[xorm] [info]  2018/05/26 15:11:06.133806 [SQL] INSERT INTO `classroom` (`classroom_campus`,`classroom_building`,`classroom_num`,`capacity`) VALUES (?, ?, ?, ?) []interface {}{"东校园", "公教楼", "C102", 100}
[xorm] [info]  2018/05/26 15:11:06.136890 [SQL] INSERT INTO `classroom` (`classroom_campus`,`classroom_building`,`classroom_num`,`capacity`) VALUES (?, ?, ?, ?) []interface {}{"东校园", "公教楼", "C101", 200}
[xorm] [info]  2018/05/26 15:11:06.139204 [SQL] INSERT INTO `classroom` (`classroom_campus`,`classroom_building`,`classroom_num`,`capacity`) VALUES (?, ?, ?, ?) []interface {}{"南校园", "第一教学楼", "A104", 100}
[xorm] [info]  2018/05/26 15:11:06.140549 [SQL] INSERT INTO `department` (`department_name`,`introduction`,`department_order`,`note`) VALUES (?, ?, ?, ?) []interface {}{"团委", "位于东校明德园6号，负责学生活动审批", 1, "initial"}
[xorm] [info]  2018/05/26 15:11:06.142501 [SQL] INSERT INTO `department` (`department_name`,`introduction`,`department_order`,`note`) VALUES (?, ?, ?, ?) []interface {}{"学院团委", "该部门主要负责本院活动的审批", 2, "middle"}
[xorm] [info]  2018/05/26 15:11:06.143481 [SQL] INSERT INTO `department` (`department_name`,`introduction`,`department_order`,`note`) VALUES (?, ?, ?, ?) []interface {}{"保卫办", "该部门主要负责对于活动和场所的审查", 3, "final"}
[xorm] [info]  2018/05/26 15:11:06.144616 [SQL] INSERT INTO `reservation` (`res_reason`,`start_time`,`end_time`,`classroom_id`,`student_id`,`organization_name`,`approver_id`,`res_state`,`approval_note`) VALUES (?, ?, ?, ?, ?, ?, ?, ?, ?) []interface {}{"社团面试", "2018-05-23 09:50:00", "2018-05-23 11:40:00", 1, 15331124, "东校园学生会", 10331124, 0, ""}
[xorm] [info]  2018/05/26 15:11:06.148081 [SQL] INSERT INTO `reservation` (`res_reason`,`start_time`,`end_time`,`classroom_id`,`student_id`,`organization_name`,`approver_id`,`res_state`,`approval_note`) VALUES (?, ?, ?, ?, ?, ?, ?, ?, ?) []interface {}{"生日party", "2018-05-24 14:25:00", "2018-05-24 16:15:00", 2, 15331124, "软工4班", 10331124, 3, "不允许教学区进行该活动"}
[xorm] [info]  2018/05/26 15:11:06.152407 [SQL] INSERT INTO `reservation` (`res_reason`,`start_time`,`end_time`,`classroom_id`,`student_id`,`organization_name`,`approver_id`,`res_state`,`approval_note`) VALUES (?, ?, ?, ?, ?, ?, ?, ?, ?) []interface {}{"班级会议", "2018-06-01 19:00:00", "2018-06-01 19:55:00", 3, 15331124, "软工4班", 10331126, 2, ""}
[xorm] [info]  2018/05/26 15:11:42.427120 [SQL] SELECT `id`, `approver_pwd`, `approver_name`, `department_id` FROM `approver` WHERE `id`=? LIMIT 1 []interface {}{10331124}
[xorm] [info]  2018/05/26 15:11:42.489398 [SQL] SELECT `id`, `res_reason`, `start_time`, `end_time`, `classroom_id`, `student_id`, `organization_name`, `approver_id`, `res_state`, `approval_note` FROM `reservation` WHERE (approver_id = ?) []interface {}{10331124}
[xorm] [debug] 2018/05/26 15:11:42.491340 empty zone key[start_time] : 2018-05-23 09:50:00 +0000 UTC | zone: UTC | location: {name:UTC zone:[] tx:[] cacheStart:0 cacheEnd:0 cacheZone:<nil>}
[xorm] [debug] 2018/05/26 15:11:42.491388 empty zone key[end_time] : 2018-05-23 11:40:00 +0000 UTC | zone: UTC | location: {name:UTC zone:[] tx:[] cacheStart:0 cacheEnd:0 cacheZone:<nil>}
[xorm] [debug] 2018/05/26 15:11:42.491451 empty zone key[start_time] : 2018-05-24 14:25:00 +0000 UTC | zone: UTC | location: {name:UTC zone:[] tx:[] cacheStart:0 cacheEnd:0 cacheZone:<nil>}
[xorm] [debug] 2018/05/26 15:11:42.491472 empty zone key[end_time] : 2018-05-24 16:15:00 +0000 UTC | zone: UTC | location: {name:UTC zone:[] tx:[] cacheStart:0 cacheEnd:0 cacheZone:<nil>}
[xorm] [info]  2018/05/26 15:11:42.492158 [SQL] SELECT `id`, `classroom_campus`, `classroom_building`, `classroom_num`, `capacity` FROM `classroom` WHERE `id`=? LIMIT 1 []interface {}{1}
[xorm] [info]  2018/05/26 15:11:46.863795 [SQL] SELECT `id`, `res_reason`, `start_time`, `end_time`, `classroom_id`, `student_id`, `organization_name`, `approver_id`, `res_state`, `approval_note` FROM `reservation` WHERE `id`=? LIMIT 1 []interface {}{1}
[xorm] [debug] 2018/05/26 15:11:46.871169 empty zone key[start_time] : 2018-05-23 09:50:00 +0000 UTC | zone: UTC | location: {name:UTC zone:[] tx:[] cacheStart:0 cacheEnd:0 cacheZone:<nil>}
[xorm] [debug] 2018/05/26 15:11:46.871197 empty zone key[end_time] : 2018-05-23 11:40:00 +0000 UTC | zone: UTC | location: {name:UTC zone:[] tx:[] cacheStart:0 cacheEnd:0 cacheZone:<nil>}
[xorm] [info]  2018/05/26 15:11:46.871279 [SQL] SELECT `id`, `approver_pwd`, `approver_name`, `department_id` FROM `approver` WHERE `id`=? LIMIT 1 []interface {}{10331124}
[xorm] [info]  2018/05/26 15:11:46.871827 [SQL] SELECT `id`, `department_name`, `introduction`, `department_order`, `note` FROM `department` WHERE `id`=? LIMIT 1 []interface {}{1}
[xorm] [info]  2018/05/26 15:11:46.872370 [SQL] SELECT `id`, `department_name`, `introduction`, `department_order`, `note` FROM `department` WHERE (department_order = ?) LIMIT 1 []interface {}{2}
[xorm] [info]  2018/05/26 15:11:46.872773 [SQL] SELECT `id`, `approver_pwd`, `approver_name`, `department_id` FROM `approver` WHERE (department_id = ?) []interface {}{2}
[xorm] [info]  2018/05/26 15:11:46.873210 [SQL] UPDATE `reservation` SET `res_reason` = ?, `organization_name` = ?, `approver_id` = ?, `res_state` = ?, `approval_note` = ? WHERE `id`=? []interface {}{"", "", 10331125, 0, "", 1}
