[xorm] [info]  2018/05/15 20:18:15.779180 [SQL] INSERT INTO `student` (`id`,`student_pwd`,`student_name`,`organization_id`) VALUES (?, ?, ?, ?) []interface {}{15331124, "5243627672763cd3d4626ea0ebb7e06d", "王芳", 1}
[xorm] [info]  2018/05/15 20:18:15.787310 [SQL] INSERT INTO `student` (`id`,`student_pwd`,`student_name`,`organization_id`) VALUES (?, ?, ?, ?) []interface {}{15331125, "67b6bac54b407c7f69e4d65195515c48", "赵红", 2}
[xorm] [info]  2018/05/15 20:18:15.793893 [SQL] INSERT INTO `student` (`id`,`student_pwd`,`student_name`,`organization_id`) VALUES (?, ?, ?, ?) []interface {}{16331124, "878db465451b5f2d1826cf1a3e6fdecb", "王芸", 3}
[xorm] [info]  2018/05/15 20:18:15.804011 [SQL] INSERT INTO `admin` (`id`,`admin_pwd`,`admin_name`) VALUES (?, ?, ?) []interface {}{11331124, "858e5a25636bd82ac3c2913039c270a1", "赵毅"}
[xorm] [info]  2018/05/15 20:18:15.810528 [SQL] INSERT INTO `admin` (`id`,`admin_pwd`,`admin_name`) VALUES (?, ?, ?) []interface {}{11331125, "afe4e651ba5d760727b7c161da011b1c", "李阳"}
[xorm] [info]  2018/05/15 20:18:15.816913 [SQL] INSERT INTO `admin` (`id`,`admin_pwd`,`admin_name`) VALUES (?, ?, ?) []interface {}{11031124, "00a0bdd6564d182c6ec37f8f702dbf28", "万余里"}
[xorm] [info]  2018/05/15 20:18:15.824383 [SQL] INSERT INTO `approver` (`id`,`approver_pwd`,`approver_name`,`department_id`) VALUES (?, ?, ?, ?) []interface {}{10331124, "09a1eaf4b15f4a3dd2efbbfa617ecb3f", "李怡", 1}
[xorm] [info]  2018/05/15 20:18:15.829738 [SQL] INSERT INTO `approver` (`id`,`approver_pwd`,`approver_name`,`department_id`) VALUES (?, ?, ?, ?) []interface {}{10331125, "748ac75f7b9f7375f22521ddce3fb766", "宋晓", 2}
[xorm] [info]  2018/05/15 20:18:15.836232 [SQL] INSERT INTO `approver` (`id`,`approver_pwd`,`approver_name`,`department_id`) VALUES (?, ?, ?, ?) []interface {}{10031124, "0d45c0f525c11354ba0ed4b9e3030214", "李芸", 3}
[xorm] [info]  2018/05/15 20:18:15.842383 [SQL] INSERT INTO `classroom` (`classroom_campus`,`classroom_building`,`classroom_num`,`capicity`) VALUES (?, ?, ?, ?) []interface {}{"东校园", "公教楼", "A204", 180}
[xorm] [info]  2018/05/15 20:18:15.847136 [SQL] INSERT INTO `classroom` (`classroom_campus`,`classroom_building`,`classroom_num`,`capicity`) VALUES (?, ?, ?, ?) []interface {}{"南校园", "第一教学楼", "A104", 100}
[xorm] [info]  2018/05/15 20:18:15.852526 [SQL] INSERT INTO `department` (`department_name`,`introduction`,`order`,`note`) VALUES (?, ?, ?, ?) []interface {}{"团委", "位于东校明德园6号，负责学生活动审批", 1, "initial"}
[xorm] [info]  2018/05/15 20:18:15.859746 [SQL] INSERT INTO `department` (`department_name`,`introduction`,`order`,`note`) VALUES (?, ?, ?, ?) []interface {}{"学院团委", "该部门主要负责本院活动的审批", 2, "middle"}
[xorm] [info]  2018/05/15 20:18:15.863377 [SQL] INSERT INTO `department` (`department_name`,`introduction`,`order`,`note`) VALUES (?, ?, ?, ?) []interface {}{"保卫办", "该部门主要负责对于活动和场所的审查", 3, "final"}
[xorm] [info]  2018/05/15 20:18:15.867305 [SQL] INSERT INTO `reservation` (`res_state`,`start_time`,`end_time`,`res_reason`,`approval_note`,`department_id`,`student_id`,`approver_id`,`classroom_id`,`organization_id`) VALUES (?, ?, ?, ?, ?, ?, ?, ?, ?, ?) []interface {}{"审批中", "2018-05-23 09:50:00", "2018-05-23 11:40:00", "社团面试", "批准", 1, 15331124, 10331124, 1, 1}
[xorm] [info]  2018/05/15 20:18:15.873341 [SQL] INSERT INTO `reservation` (`res_state`,`start_time`,`end_time`,`res_reason`,`approval_note`,`department_id`,`student_id`,`approver_id`,`classroom_id`,`organization_id`) VALUES (?, ?, ?, ?, ?, ?, ?, ?, ?, ?) []interface {}{"预定失败", "2018-05-24 14:25:00", "2018-05-24 16:15:00", "生日party", "不允许的活动", 1, 15331125, 10331124, 1, 2}
[xorm] [info]  2018/05/15 20:18:15.886581 [SQL] SELECT `id`, `student_pwd`, `student_name`, `organization_id` FROM `student` WHERE `id`=? LIMIT 1 []interface {}{15331124}
[xorm] [info]  2018/05/15 20:18:15.891397 [SQL] SELECT `id`, `student_pwd`, `student_name`, `organization_id` FROM `student` WHERE `id`=? LIMIT 1 []interface {}{15331124}
[xorm] [info]  2018/05/15 20:18:15.891802 [SQL] SELECT `id`, `student_pwd`, `student_name`, `organization_id` FROM `student`
[xorm] [info]  2018/05/15 20:18:15.892116 [SQL] UPDATE `student` SET `student_pwd` = ? WHERE `id`=? []interface {}{"0ef503d777a66db766ce3f8ce5cd3f14", 15331124}
[xorm] [info]  2018/05/15 20:18:15.896343 [SQL] DELETE FROM `student` WHERE `id`=? []interface {}{15331124}
[xorm] [info]  2018/05/15 20:18:15.901529 [SQL] INSERT INTO `student` (`id`,`student_pwd`,`student_name`,`organization_id`) VALUES (?, ?, ?, ?) []interface {}{15331124, "5243627672763cd3d4626ea0ebb7e06d", "王芳", 1}
[xorm] [info]  2018/05/15 20:18:15.906276 [SQL] SELECT `id`, `student_pwd`, `student_name`, `organization_id` FROM `student` WHERE `id`=? LIMIT 1 []interface {}{15331124}
[xorm] [info]  2018/05/15 20:18:15.907007 [SQL] SELECT `id`, `classroom_campus`, `classroom_building`, `classroom_num`, `capicity` FROM `classroom`
[xorm] [info]  2018/05/15 20:18:15.907425 [SQL] INSERT INTO `classroom` (`classroom_campus`,`classroom_building`,`classroom_num`,`capicity`) VALUES (?, ?, ?, ?) []interface {}{"北校园", "医学院院楼", "D104", 70}
[xorm] [info]  2018/05/15 20:18:15.911279 [SQL] SELECT `id`, `classroom_campus`, `classroom_building`, `classroom_num`, `capicity` FROM `classroom` WHERE `id`=? LIMIT 1 []interface {}{3}
[xorm] [info]  2018/05/15 20:18:15.911742 [SQL] UPDATE `classroom` SET `capicity` = ? WHERE `id`=? []interface {}{80, 3}
[xorm] [info]  2018/05/15 20:18:15.916340 [SQL] DELETE FROM `classroom` WHERE `id`=? []interface {}{3}
[xorm] [info]  2018/05/15 20:18:15.921206 [SQL] SELECT `id`, `classroom_campus`, `classroom_building`, `classroom_num`, `capicity` FROM `classroom` WHERE (classroom_campus = ? AND  classroom_building = ? and capicity > ?) []interface {}{"东校园", "公教楼", 50}
[xorm] [info]  2018/05/15 20:18:15.921861 [SQL] SELECT `id`, `res_state`, `start_time`, `end_time`, `res_reason`, `approval_note`, `department_id`, `student_id`, `approver_id`, `classroom_id`, `organization_id` FROM `reservation` WHERE (classroom_id = ? AND (start_time > ? OR  end_time < ?)) []interface {}{1, time.Time{wall:0xbeb6d1e1f6f1572f, ext:349264757, loc:(*time.Location)(0xbae800)}, time.Time{wall:0xbeb6d1e1f6f1572f, ext:349264757, loc:(*time.Location)(0xbae800)}}
[xorm] [debug] 2018/05/15 20:18:15.922311 empty zone key[start_time] : 2018-05-23 09:50:00 +0000 UTC | zone: UTC | location: {name:UTC zone:[] tx:[] cacheStart:0 cacheEnd:0 cacheZone:<nil>}
[xorm] [debug] 2018/05/15 20:18:15.922326 empty zone key[end_time] : 2018-05-23 11:40:00 +0000 UTC | zone: UTC | location: {name:UTC zone:[] tx:[] cacheStart:0 cacheEnd:0 cacheZone:<nil>}
[xorm] [debug] 2018/05/15 20:18:15.922360 empty zone key[start_time] : 2018-05-24 14:25:00 +0000 UTC | zone: UTC | location: {name:UTC zone:[] tx:[] cacheStart:0 cacheEnd:0 cacheZone:<nil>}
[xorm] [debug] 2018/05/15 20:18:15.922369 empty zone key[end_time] : 2018-05-24 16:15:00 +0000 UTC | zone: UTC | location: {name:UTC zone:[] tx:[] cacheStart:0 cacheEnd:0 cacheZone:<nil>}
[xorm] [info]  2018/05/15 20:18:15.922552 [SQL] SELECT `id`, `res_state`, `start_time`, `end_time`, `res_reason`, `approval_note`, `department_id`, `student_id`, `approver_id`, `classroom_id`, `organization_id` FROM `reservation` WHERE `id`=? LIMIT 1 []interface {}{1}
[xorm] [debug] 2018/05/15 20:18:15.922871 empty zone key[start_time] : 2018-05-23 09:50:00 +0000 UTC | zone: UTC | location: {name:UTC zone:[] tx:[] cacheStart:0 cacheEnd:0 cacheZone:<nil>}
[xorm] [debug] 2018/05/15 20:18:15.922885 empty zone key[end_time] : 2018-05-23 11:40:00 +0000 UTC | zone: UTC | location: {name:UTC zone:[] tx:[] cacheStart:0 cacheEnd:0 cacheZone:<nil>}
[xorm] [info]  2018/05/15 20:18:15.923071 [SQL] SELECT `id`, `department_name`, `introduction`, `order`, `note` FROM `department` WHERE (note = ?) LIMIT 1 []interface {}{"initial"}
[xorm] [info]  2018/05/15 20:18:15.923464 [SQL] SELECT `id`, `approver_pwd`, `approver_name`, `department_id` FROM `approver` WHERE (department_id = ?) []interface {}{1}
[xorm] [info]  2018/05/15 20:18:15.923841 [SQL] UPDATE `reservation` SET `res_state` = ?, `start_time` = ?, `end_time` = ?, `res_reason` = ?, `approval_note` = ?, `department_id` = ?, `student_id` = ?, `approver_id` = ?, `classroom_id` = ?, `organization_id` = ? WHERE `id`=? []interface {}{"", interface {}(nil), interface {}(nil), "考试复习", "", 0, 0, 0, 0, 0, 1}
[xorm] [info]  2018/05/15 20:18:15.927557 [SQL] DELETE FROM `reservation` WHERE `id`=? []interface {}{1}
[xorm] [info]  2018/05/15 20:18:15.933329 [SQL] SELECT `id`, `res_state`, `start_time`, `end_time`, `res_reason`, `approval_note`, `department_id`, `student_id`, `approver_id`, `classroom_id`, `organization_id` FROM `reservation` WHERE (student_id = ?) []interface {}{15331124}
[xorm] [info]  2018/05/15 20:18:15.935817 [SQL] SELECT `id`, `department_name`, `introduction`, `order`, `note` FROM `department` WHERE (note = ?) LIMIT 1 []interface {}{"initial"}
[xorm] [info]  2018/05/15 20:18:15.937537 [SQL] SELECT `id`, `student_pwd`, `student_name`, `organization_id` FROM `student` WHERE `id`=? LIMIT 1 []interface {}{15331124}
[xorm] [info]  2018/05/15 20:18:15.938913 [SQL] SELECT `id`, `approver_pwd`, `approver_name`, `department_id` FROM `approver` WHERE (department_id = ?) []interface {}{1}
[xorm] [info]  2018/05/15 20:18:15.940173 [SQL] INSERT INTO `reservation` (`res_state`,`start_time`,`end_time`,`res_reason`,`approval_note`,`department_id`,`student_id`,`approver_id`,`classroom_id`,`organization_id`) VALUES (?, ?, ?, ?, ?, ?, ?, ?, ?, ?) []interface {}{"审批中", "2018-06-13 09:50:00", "2018-06-13 11:40:00", "习题辅导课", "", 1, 15331124, 10331124, 2, 1}
[xorm] [info]  2018/05/15 20:18:15.945263 [SQL] SELECT `id`, `res_state`, `start_time`, `end_time`, `res_reason`, `approval_note`, `department_id`, `student_id`, `approver_id`, `classroom_id`, `organization_id` FROM `reservation` WHERE (student_id = ?) []interface {}{15331124}
[xorm] [debug] 2018/05/15 20:18:15.946880 empty zone key[start_time] : 2018-06-13 09:50:00 +0000 UTC | zone: UTC | location: {name:UTC zone:[] tx:[] cacheStart:0 cacheEnd:0 cacheZone:<nil>}
[xorm] [debug] 2018/05/15 20:18:15.946936 empty zone key[end_time] : 2018-06-13 11:40:00 +0000 UTC | zone: UTC | location: {name:UTC zone:[] tx:[] cacheStart:0 cacheEnd:0 cacheZone:<nil>}
[xorm] [info]  2018/05/15 20:18:15.947629 [SQL] SELECT `id`, `res_state`, `start_time`, `end_time`, `res_reason`, `approval_note`, `department_id`, `student_id`, `approver_id`, `classroom_id`, `organization_id` FROM `reservation` WHERE (approver_id = ?) []interface {}{10331124}
[xorm] [debug] 2018/05/15 20:18:15.949175 empty zone key[start_time] : 2018-05-24 14:25:00 +0000 UTC | zone: UTC | location: {name:UTC zone:[] tx:[] cacheStart:0 cacheEnd:0 cacheZone:<nil>}
[xorm] [debug] 2018/05/15 20:18:15.949267 empty zone key[end_time] : 2018-05-24 16:15:00 +0000 UTC | zone: UTC | location: {name:UTC zone:[] tx:[] cacheStart:0 cacheEnd:0 cacheZone:<nil>}
[xorm] [debug] 2018/05/15 20:18:15.949423 empty zone key[start_time] : 2018-06-13 09:50:00 +0000 UTC | zone: UTC | location: {name:UTC zone:[] tx:[] cacheStart:0 cacheEnd:0 cacheZone:<nil>}
[xorm] [debug] 2018/05/15 20:18:15.949466 empty zone key[end_time] : 2018-06-13 11:40:00 +0000 UTC | zone: UTC | location: {name:UTC zone:[] tx:[] cacheStart:0 cacheEnd:0 cacheZone:<nil>}
[xorm] [info]  2018/05/15 20:18:15.949949 [SQL] SELECT `id`, `department_name`, `introduction`, `order`, `note` FROM `department` ORDER BY `order` ASC
[xorm] [info]  2018/05/15 20:18:15.951288 [SQL] SELECT `id`, `department_name`, `introduction`, `order`, `note` FROM `department` ORDER BY `order` ASC
[xorm] [info]  2018/05/15 20:18:15.952283 [SQL] UPDATE `department` SET `department_name` = ?, `introduction` = ?, `order` = ?, `note` = ? WHERE `id`=? []interface {}{"学院团委", "该部门主要负责本院活动的审批", 3, "middle", 2}
[xorm] [info]  2018/05/15 20:18:15.957660 [SQL] UPDATE `department` SET `department_name` = ?, `introduction` = ?, `order` = ?, `note` = ? WHERE `id`=? []interface {}{"保卫办", "该部门主要负责对于活动和场所的审查", 4, "final", 3}
[xorm] [info]  2018/05/15 20:18:15.963439 [SQL] INSERT INTO `department` (`department_name`,`introduction`,`order`,`note`) VALUES (?, ?, ?, ?) []interface {}{"学生处", "活动审批的第二个部门", 2, "middle"}
[xorm] [info]  2018/05/15 20:18:15.970045 [SQL] SELECT `id`, `department_name`, `introduction`, `order`, `note` FROM `department` WHERE `id`=? LIMIT 1 []interface {}{2}
