[xorm] [info]  2018/05/26 15:34:37.579851 [SQL] INSERT INTO `student` (`id`,`student_pwd`,`student_name`) VALUES (?, ?, ?) []interface {}{15331124, "5243627672763cd3d4626ea0ebb7e06d", "王芳"}
[xorm] [info]  2018/05/26 15:34:37.585044 [SQL] INSERT INTO `student` (`id`,`student_pwd`,`student_name`) VALUES (?, ?, ?) []interface {}{15331125, "67b6bac54b407c7f69e4d65195515c48", "赵红"}
[xorm] [info]  2018/05/26 15:34:37.591436 [SQL] INSERT INTO `student` (`id`,`student_pwd`,`student_name`) VALUES (?, ?, ?) []interface {}{16331124, "878db465451b5f2d1826cf1a3e6fdecb", "王芸"}
[xorm] [info]  2018/05/26 15:34:37.595342 [SQL] INSERT INTO `student` (`id`,`student_pwd`,`student_name`) VALUES (?, ?, ?) []interface {}{16331125, "7ae1bc9ac89702e7ccb1ed20ef787557", "张晓"}
[xorm] [info]  2018/05/26 15:34:37.600871 [SQL] INSERT INTO `admin` (`id`,`admin_pwd`,`admin_name`) VALUES (?, ?, ?) []interface {}{11331124, "858e5a25636bd82ac3c2913039c270a1", "赵毅"}
[xorm] [info]  2018/05/26 15:34:37.606751 [SQL] INSERT INTO `admin` (`id`,`admin_pwd`,`admin_name`) VALUES (?, ?, ?) []interface {}{11331125, "afe4e651ba5d760727b7c161da011b1c", "李阳"}
[xorm] [info]  2018/05/26 15:34:37.610794 [SQL] INSERT INTO `admin` (`id`,`admin_pwd`,`admin_name`) VALUES (?, ?, ?) []interface {}{11331126, "394b123a38eb57982fc961ba5dce8f6b", "万余里"}
[xorm] [info]  2018/05/26 15:34:37.615523 [SQL] INSERT INTO `admin` (`id`,`admin_pwd`,`admin_name`) VALUES (?, ?, ?) []interface {}{11331127, "f9e5f4c7ab57ea2024e482bf481e51de", "陈向阳"}
[xorm] [info]  2018/05/26 15:34:37.620444 [SQL] INSERT INTO `approver` (`id`,`approver_pwd`,`approver_name`,`department_id`) VALUES (?, ?, ?, ?) []interface {}{10331124, "09a1eaf4b15f4a3dd2efbbfa617ecb3f", "李怡", 1}
[xorm] [info]  2018/05/26 15:34:37.625238 [SQL] INSERT INTO `approver` (`id`,`approver_pwd`,`approver_name`,`department_id`) VALUES (?, ?, ?, ?) []interface {}{10331125, "748ac75f7b9f7375f22521ddce3fb766", "宋晓", 2}
[xorm] [info]  2018/05/26 15:34:37.629691 [SQL] INSERT INTO `approver` (`id`,`approver_pwd`,`approver_name`,`department_id`) VALUES (?, ?, ?, ?) []interface {}{10331126, "aeb53f8b315795edf239e3fcc115f154", "李芸", 3}
[xorm] [info]  2018/05/26 15:34:37.634431 [SQL] INSERT INTO `approver` (`id`,`approver_pwd`,`approver_name`,`department_id`) VALUES (?, ?, ?, ?) []interface {}{10331127, "32f6e65730c3515db9176ff7f15d9081", "张丽", 1}
[xorm] [info]  2018/05/26 15:34:37.639032 [SQL] INSERT INTO `classroom` (`classroom_campus`,`classroom_building`,`classroom_num`,`capacity`) VALUES (?, ?, ?, ?) []interface {}{"东校园", "公教楼", "A201", 50}
[xorm] [info]  2018/05/26 15:34:37.644061 [SQL] INSERT INTO `classroom` (`classroom_campus`,`classroom_building`,`classroom_num`,`capacity`) VALUES (?, ?, ?, ?) []interface {}{"东校园", "公教楼", "A202", 50}
[xorm] [info]  2018/05/26 15:34:37.649412 [SQL] INSERT INTO `classroom` (`classroom_campus`,`classroom_building`,`classroom_num`,`capacity`) VALUES (?, ?, ?, ?) []interface {}{"东校园", "公教楼", "C102", 100}
[xorm] [info]  2018/05/26 15:34:37.654385 [SQL] INSERT INTO `classroom` (`classroom_campus`,`classroom_building`,`classroom_num`,`capacity`) VALUES (?, ?, ?, ?) []interface {}{"东校园", "公教楼", "C101", 200}
[xorm] [info]  2018/05/26 15:34:37.659261 [SQL] INSERT INTO `classroom` (`classroom_campus`,`classroom_building`,`classroom_num`,`capacity`) VALUES (?, ?, ?, ?) []interface {}{"南校园", "第一教学楼", "A104", 100}
[xorm] [info]  2018/05/26 15:34:37.664134 [SQL] INSERT INTO `department` (`department_name`,`introduction`,`department_order`,`note`) VALUES (?, ?, ?, ?) []interface {}{"团委", "位于东校明德园6号，负责学生活动审批", 1, "initial"}
[xorm] [info]  2018/05/26 15:34:37.669094 [SQL] INSERT INTO `department` (`department_name`,`introduction`,`department_order`,`note`) VALUES (?, ?, ?, ?) []interface {}{"学院团委", "该部门主要负责本院活动的审批", 2, "middle"}
[xorm] [info]  2018/05/26 15:34:37.674592 [SQL] INSERT INTO `department` (`department_name`,`introduction`,`department_order`,`note`) VALUES (?, ?, ?, ?) []interface {}{"保卫办", "该部门主要负责对于活动和场所的审查", 3, "final"}
[xorm] [info]  2018/05/26 15:34:37.680477 [SQL] INSERT INTO `reservation` (`res_reason`,`start_time`,`end_time`,`classroom_id`,`student_id`,`organization_name`,`approver_id`,`res_state`,`approval_note`) VALUES (?, ?, ?, ?, ?, ?, ?, ?, ?) []interface {}{"社团面试", "2018-05-23 09:50:00", "2018-05-23 11:40:00", 1, 15331124, "东校园学生会", 10331124, 0, ""}
[xorm] [info]  2018/05/26 15:34:37.685811 [SQL] INSERT INTO `reservation` (`res_reason`,`start_time`,`end_time`,`classroom_id`,`student_id`,`organization_name`,`approver_id`,`res_state`,`approval_note`) VALUES (?, ?, ?, ?, ?, ?, ?, ?, ?) []interface {}{"生日party", "2018-05-24 14:25:00", "2018-05-24 16:15:00", 2, 15331124, "软工4班", 10331124, 3, "不允许教学区进行该活动"}
[xorm] [info]  2018/05/26 15:34:37.691557 [SQL] INSERT INTO `reservation` (`res_reason`,`start_time`,`end_time`,`classroom_id`,`student_id`,`organization_name`,`approver_id`,`res_state`,`approval_note`) VALUES (?, ?, ?, ?, ?, ?, ?, ?, ?) []interface {}{"班级会议", "2018-06-01 19:00:00", "2018-06-01 19:55:00", 3, 15331124, "软工4班", 10331126, 2, ""}
[xorm] [info]  2018/05/26 15:34:58.504280 [SQL] SELECT `id`, `student_pwd`, `student_name` FROM `student` WHERE `id`=? LIMIT 1 []interface {}{15331124}
[xorm] [info]  2018/05/26 15:35:00.539163 [SQL] SELECT `id`, `res_reason`, `start_time`, `end_time`, `classroom_id`, `student_id`, `organization_name`, `approver_id`, `res_state`, `approval_note` FROM `reservation` WHERE (student_id = ?) []interface {}{15331124}
[xorm] [debug] 2018/05/26 15:35:00.542363 empty zone key[start_time] : 2018-05-23 09:50:00 +0000 UTC | zone: UTC | location: {name:UTC zone:[] tx:[] cacheStart:0 cacheEnd:0 cacheZone:<nil>}
[xorm] [debug] 2018/05/26 15:35:00.542483 empty zone key[end_time] : 2018-05-23 11:40:00 +0000 UTC | zone: UTC | location: {name:UTC zone:[] tx:[] cacheStart:0 cacheEnd:0 cacheZone:<nil>}
[xorm] [debug] 2018/05/26 15:35:00.542658 empty zone key[start_time] : 2018-05-24 14:25:00 +0000 UTC | zone: UTC | location: {name:UTC zone:[] tx:[] cacheStart:0 cacheEnd:0 cacheZone:<nil>}
[xorm] [debug] 2018/05/26 15:35:00.542743 empty zone key[end_time] : 2018-05-24 16:15:00 +0000 UTC | zone: UTC | location: {name:UTC zone:[] tx:[] cacheStart:0 cacheEnd:0 cacheZone:<nil>}
[xorm] [debug] 2018/05/26 15:35:00.542904 empty zone key[start_time] : 2018-06-01 19:00:00 +0000 UTC | zone: UTC | location: {name:UTC zone:[] tx:[] cacheStart:0 cacheEnd:0 cacheZone:<nil>}
[xorm] [debug] 2018/05/26 15:35:00.542959 empty zone key[end_time] : 2018-06-01 19:55:00 +0000 UTC | zone: UTC | location: {name:UTC zone:[] tx:[] cacheStart:0 cacheEnd:0 cacheZone:<nil>}
[xorm] [info]  2018/05/26 15:35:00.543502 [SQL] SELECT `id`, `classroom_campus`, `classroom_building`, `classroom_num`, `capacity` FROM `classroom` WHERE `id`=? LIMIT 1 []interface {}{1}
[xorm] [info]  2018/05/26 15:35:00.546235 [SQL] SELECT `id`, `classroom_campus`, `classroom_building`, `classroom_num`, `capacity` FROM `classroom` WHERE `id`=? LIMIT 1 []interface {}{2}
[xorm] [info]  2018/05/26 15:35:00.548808 [SQL] SELECT `id`, `classroom_campus`, `classroom_building`, `classroom_num`, `capacity` FROM `classroom` WHERE `id`=? LIMIT 1 []interface {}{3}
[xorm] [info]  2018/05/26 15:35:18.825544 [SQL] SELECT `id`, `classroom_campus`, `classroom_building`, `classroom_num`, `capacity` FROM `classroom` WHERE (classroom_campus = ? AND  classroom_building = ? and capacity = ?) []interface {}{"东校园", "公教楼", 50}
[xorm] [info]  2018/05/26 15:35:18.828164 [SQL] SELECT `id`, `res_reason`, `start_time`, `end_time`, `classroom_id`, `student_id`, `organization_name`, `approver_id`, `res_state`, `approval_note` FROM `reservation` WHERE (classroom_id = ? AND ((start_time <= ? AND  end_time >= ?) OR (start_time <= ? AND  end_time >= ?))) []interface {}{1, time.Time{wall:0x0, ext:63663261600, loc:(*time.Location)(0xbecc60)}, time.Time{wall:0x0, ext:63663261600, loc:(*time.Location)(0xbecc60)}, time.Time{wall:0x0, ext:63663268200, loc:(*time.Location)(0xbecc60)}, time.Time{wall:0x0, ext:63663268200, loc:(*time.Location)(0xbecc60)}}
[xorm] [info]  2018/05/26 15:35:18.830119 [SQL] SELECT `id`, `res_reason`, `start_time`, `end_time`, `classroom_id`, `student_id`, `organization_name`, `approver_id`, `res_state`, `approval_note` FROM `reservation` WHERE (classroom_id = ? AND ((start_time <= ? AND  end_time >= ?) OR (start_time <= ? AND  end_time >= ?))) []interface {}{2, time.Time{wall:0x0, ext:63663261600, loc:(*time.Location)(0xbecc60)}, time.Time{wall:0x0, ext:63663261600, loc:(*time.Location)(0xbecc60)}, time.Time{wall:0x0, ext:63663268200, loc:(*time.Location)(0xbecc60)}, time.Time{wall:0x0, ext:63663268200, loc:(*time.Location)(0xbecc60)}}
[xorm] [info]  2018/05/26 15:35:29.423702 [SQL] SELECT `id`, `department_name`, `introduction`, `department_order`, `note` FROM `department` WHERE (note = ?) LIMIT 1 []interface {}{"initial"}
[xorm] [info]  2018/05/26 15:35:29.426371 [SQL] SELECT `id`, `approver_pwd`, `approver_name`, `department_id` FROM `approver` WHERE (department_id = ?) []interface {}{1}
[xorm] [info]  2018/05/26 15:35:29.429452 [SQL] INSERT INTO `reservation` (`res_reason`,`start_time`,`end_time`,`classroom_id`,`student_id`,`organization_name`,`approver_id`,`res_state`,`approval_note`) VALUES (?, ?, ?, ?, ?, ?, ?, ?, ?) []interface {}{"春游", "2018-05-30 15:20:00", "2018-05-30 17:10:00", 1, 15331124, "软八", 10331127, 0, ""}
[xorm] [info]  2018/05/26 15:35:32.335021 [SQL] SELECT `id`, `res_reason`, `start_time`, `end_time`, `classroom_id`, `student_id`, `organization_name`, `approver_id`, `res_state`, `approval_note` FROM `reservation` WHERE (student_id = ?) []interface {}{15331124}
[xorm] [debug] 2018/05/26 15:35:32.336349 empty zone key[start_time] : 2018-05-23 09:50:00 +0000 UTC | zone: UTC | location: {name:UTC zone:[] tx:[] cacheStart:0 cacheEnd:0 cacheZone:<nil>}
[xorm] [debug] 2018/05/26 15:35:32.336399 empty zone key[end_time] : 2018-05-23 11:40:00 +0000 UTC | zone: UTC | location: {name:UTC zone:[] tx:[] cacheStart:0 cacheEnd:0 cacheZone:<nil>}
[xorm] [debug] 2018/05/26 15:35:32.336481 empty zone key[start_time] : 2018-05-24 14:25:00 +0000 UTC | zone: UTC | location: {name:UTC zone:[] tx:[] cacheStart:0 cacheEnd:0 cacheZone:<nil>}
[xorm] [debug] 2018/05/26 15:35:32.336510 empty zone key[end_time] : 2018-05-24 16:15:00 +0000 UTC | zone: UTC | location: {name:UTC zone:[] tx:[] cacheStart:0 cacheEnd:0 cacheZone:<nil>}
[xorm] [debug] 2018/05/26 15:35:32.336584 empty zone key[start_time] : 2018-06-01 19:00:00 +0000 UTC | zone: UTC | location: {name:UTC zone:[] tx:[] cacheStart:0 cacheEnd:0 cacheZone:<nil>}
[xorm] [debug] 2018/05/26 15:35:32.336610 empty zone key[end_time] : 2018-06-01 19:55:00 +0000 UTC | zone: UTC | location: {name:UTC zone:[] tx:[] cacheStart:0 cacheEnd:0 cacheZone:<nil>}
[xorm] [debug] 2018/05/26 15:35:32.336701 empty zone key[start_time] : 2018-05-30 15:20:00 +0000 UTC | zone: UTC | location: {name:UTC zone:[] tx:[] cacheStart:0 cacheEnd:0 cacheZone:<nil>}
[xorm] [debug] 2018/05/26 15:35:32.336726 empty zone key[end_time] : 2018-05-30 17:10:00 +0000 UTC | zone: UTC | location: {name:UTC zone:[] tx:[] cacheStart:0 cacheEnd:0 cacheZone:<nil>}
[xorm] [info]  2018/05/26 15:35:32.337147 [SQL] SELECT `id`, `classroom_campus`, `classroom_building`, `classroom_num`, `capacity` FROM `classroom` WHERE `id`=? LIMIT 1 []interface {}{1}
[xorm] [info]  2018/05/26 15:35:32.338424 [SQL] SELECT `id`, `classroom_campus`, `classroom_building`, `classroom_num`, `capacity` FROM `classroom` WHERE `id`=? LIMIT 1 []interface {}{2}
[xorm] [info]  2018/05/26 15:35:32.339711 [SQL] SELECT `id`, `classroom_campus`, `classroom_building`, `classroom_num`, `capacity` FROM `classroom` WHERE `id`=? LIMIT 1 []interface {}{3}
[xorm] [info]  2018/05/26 15:35:32.341247 [SQL] SELECT `id`, `classroom_campus`, `classroom_building`, `classroom_num`, `capacity` FROM `classroom` WHERE `id`=? LIMIT 1 []interface {}{1}
[xorm] [info]  2018/05/26 15:35:59.471621 [SQL] SELECT `id`, `approver_pwd`, `approver_name`, `department_id` FROM `approver` WHERE `id`=? LIMIT 1 []interface {}{10331127}
[xorm] [info]  2018/05/26 15:35:59.496580 [SQL] SELECT `id`, `res_reason`, `start_time`, `end_time`, `classroom_id`, `student_id`, `organization_name`, `approver_id`, `res_state`, `approval_note` FROM `reservation` WHERE (approver_id = ?) []interface {}{10331127}
[xorm] [debug] 2018/05/26 15:35:59.497389 empty zone key[start_time] : 2018-05-30 15:20:00 +0000 UTC | zone: UTC | location: {name:UTC zone:[] tx:[] cacheStart:0 cacheEnd:0 cacheZone:<nil>}
[xorm] [debug] 2018/05/26 15:35:59.497445 empty zone key[end_time] : 2018-05-30 17:10:00 +0000 UTC | zone: UTC | location: {name:UTC zone:[] tx:[] cacheStart:0 cacheEnd:0 cacheZone:<nil>}
[xorm] [info]  2018/05/26 15:35:59.497670 [SQL] SELECT `id`, `classroom_campus`, `classroom_building`, `classroom_num`, `capacity` FROM `classroom` WHERE `id`=? LIMIT 1 []interface {}{1}
[xorm] [info]  2018/05/26 15:36:02.819161 [SQL] SELECT `id`, `res_reason`, `start_time`, `end_time`, `classroom_id`, `student_id`, `organization_name`, `approver_id`, `res_state`, `approval_note` FROM `reservation` WHERE `id`=? LIMIT 1 []interface {}{4}
[xorm] [debug] 2018/05/26 15:36:02.840036 empty zone key[start_time] : 2018-05-30 15:20:00 +0000 UTC | zone: UTC | location: {name:UTC zone:[] tx:[] cacheStart:0 cacheEnd:0 cacheZone:<nil>}
[xorm] [debug] 2018/05/26 15:36:02.840085 empty zone key[end_time] : 2018-05-30 17:10:00 +0000 UTC | zone: UTC | location: {name:UTC zone:[] tx:[] cacheStart:0 cacheEnd:0 cacheZone:<nil>}
[xorm] [info]  2018/05/26 15:36:02.840222 [SQL] SELECT `id`, `approver_pwd`, `approver_name`, `department_id` FROM `approver` WHERE `id`=? LIMIT 1 []interface {}{10331127}
[xorm] [info]  2018/05/26 15:36:02.841214 [SQL] SELECT `id`, `department_name`, `introduction`, `department_order`, `note` FROM `department` WHERE `id`=? LIMIT 1 []interface {}{1}
[xorm] [info]  2018/05/26 15:36:02.842395 [SQL] SELECT `id`, `department_name`, `introduction`, `department_order`, `note` FROM `department` WHERE (department_order = ?) LIMIT 1 []interface {}{2}
[xorm] [info]  2018/05/26 15:36:02.843427 [SQL] SELECT `id`, `approver_pwd`, `approver_name`, `department_id` FROM `approver` WHERE (department_id = ?) []interface {}{2}
[xorm] [info]  2018/05/26 15:36:02.845484 [SQL] UPDATE `reservation` SET `res_reason` = ?, `organization_name` = ?, `approver_id` = ?, `res_state` = ?, `approval_note` = ? WHERE `id`=? []interface {}{"春游", "软八", 10331125, 1, "", 4}
[xorm] [info]  2018/05/26 15:36:05.265824 [SQL] SELECT `id`, `res_reason`, `start_time`, `end_time`, `classroom_id`, `student_id`, `organization_name`, `approver_id`, `res_state`, `approval_note` FROM `reservation` WHERE (approver_id = ?) []interface {}{10331127}
[xorm] [info]  2018/05/26 15:36:16.024546 [SQL] SELECT `id`, `student_pwd`, `student_name` FROM `student` WHERE `id`=? LIMIT 1 []interface {}{15331124}
[xorm] [info]  2018/05/26 15:36:17.056367 [SQL] SELECT `id`, `res_reason`, `start_time`, `end_time`, `classroom_id`, `student_id`, `organization_name`, `approver_id`, `res_state`, `approval_note` FROM `reservation` WHERE (student_id = ?) []interface {}{15331124}
[xorm] [debug] 2018/05/26 15:36:17.059461 empty zone key[start_time] : 2018-05-23 09:50:00 +0000 UTC | zone: UTC | location: {name:UTC zone:[] tx:[] cacheStart:0 cacheEnd:0 cacheZone:<nil>}
[xorm] [debug] 2018/05/26 15:36:17.059594 empty zone key[end_time] : 2018-05-23 11:40:00 +0000 UTC | zone: UTC | location: {name:UTC zone:[] tx:[] cacheStart:0 cacheEnd:0 cacheZone:<nil>}
[xorm] [debug] 2018/05/26 15:36:17.059827 empty zone key[start_time] : 2018-05-24 14:25:00 +0000 UTC | zone: UTC | location: {name:UTC zone:[] tx:[] cacheStart:0 cacheEnd:0 cacheZone:<nil>}
[xorm] [debug] 2018/05/26 15:36:17.059915 empty zone key[end_time] : 2018-05-24 16:15:00 +0000 UTC | zone: UTC | location: {name:UTC zone:[] tx:[] cacheStart:0 cacheEnd:0 cacheZone:<nil>}
[xorm] [debug] 2018/05/26 15:36:17.060116 empty zone key[start_time] : 2018-06-01 19:00:00 +0000 UTC | zone: UTC | location: {name:UTC zone:[] tx:[] cacheStart:0 cacheEnd:0 cacheZone:<nil>}
[xorm] [debug] 2018/05/26 15:36:17.060246 empty zone key[end_time] : 2018-06-01 19:55:00 +0000 UTC | zone: UTC | location: {name:UTC zone:[] tx:[] cacheStart:0 cacheEnd:0 cacheZone:<nil>}
[xorm] [debug] 2018/05/26 15:36:17.060438 empty zone key[start_time] : 2018-05-30 15:20:00 +0000 UTC | zone: UTC | location: {name:UTC zone:[] tx:[] cacheStart:0 cacheEnd:0 cacheZone:<nil>}
[xorm] [debug] 2018/05/26 15:36:17.060522 empty zone key[end_time] : 2018-05-30 17:10:00 +0000 UTC | zone: UTC | location: {name:UTC zone:[] tx:[] cacheStart:0 cacheEnd:0 cacheZone:<nil>}
[xorm] [info]  2018/05/26 15:36:17.061527 [SQL] SELECT `id`, `classroom_campus`, `classroom_building`, `classroom_num`, `capacity` FROM `classroom` WHERE `id`=? LIMIT 1 []interface {}{1}
[xorm] [info]  2018/05/26 15:36:17.064470 [SQL] SELECT `id`, `classroom_campus`, `classroom_building`, `classroom_num`, `capacity` FROM `classroom` WHERE `id`=? LIMIT 1 []interface {}{2}
[xorm] [info]  2018/05/26 15:36:17.067575 [SQL] SELECT `id`, `classroom_campus`, `classroom_building`, `classroom_num`, `capacity` FROM `classroom` WHERE `id`=? LIMIT 1 []interface {}{3}
[xorm] [info]  2018/05/26 15:36:17.070397 [SQL] SELECT `id`, `classroom_campus`, `classroom_building`, `classroom_num`, `capacity` FROM `classroom` WHERE `id`=? LIMIT 1 []interface {}{1}
[xorm] [info]  2018/05/26 15:36:41.272831 [SQL] SELECT `id`, `approver_pwd`, `approver_name`, `department_id` FROM `approver` WHERE `id`=? LIMIT 1 []interface {}{10331125}
[xorm] [info]  2018/05/26 15:36:41.371157 [SQL] SELECT `id`, `res_reason`, `start_time`, `end_time`, `classroom_id`, `student_id`, `organization_name`, `approver_id`, `res_state`, `approval_note` FROM `reservation` WHERE (approver_id = ?) []interface {}{10331125}
[xorm] [debug] 2018/05/26 15:36:41.374744 empty zone key[start_time] : 2018-05-30 15:20:00 +0000 UTC | zone: UTC | location: {name:UTC zone:[] tx:[] cacheStart:0 cacheEnd:0 cacheZone:<nil>}
[xorm] [debug] 2018/05/26 15:36:41.375004 empty zone key[end_time] : 2018-05-30 17:10:00 +0000 UTC | zone: UTC | location: {name:UTC zone:[] tx:[] cacheStart:0 cacheEnd:0 cacheZone:<nil>}
[xorm] [info]  2018/05/26 15:36:41.375651 [SQL] SELECT `id`, `classroom_campus`, `classroom_building`, `classroom_num`, `capacity` FROM `classroom` WHERE `id`=? LIMIT 1 []interface {}{1}
[xorm] [info]  2018/05/26 15:37:34.011470 [SQL] SELECT `id`, `approver_pwd`, `approver_name`, `department_id` FROM `approver` WHERE `id`=? LIMIT 1 []interface {}{10331125}
[xorm] [info]  2018/05/26 15:37:34.105426 [SQL] SELECT `id`, `res_reason`, `start_time`, `end_time`, `classroom_id`, `student_id`, `organization_name`, `approver_id`, `res_state`, `approval_note` FROM `reservation` WHERE (approver_id = ?) []interface {}{10331125}
[xorm] [debug] 2018/05/26 15:37:34.106726 empty zone key[start_time] : 2018-05-30 15:20:00 +0000 UTC | zone: UTC | location: {name:UTC zone:[] tx:[] cacheStart:0 cacheEnd:0 cacheZone:<nil>}
[xorm] [debug] 2018/05/26 15:37:34.106766 empty zone key[end_time] : 2018-05-30 17:10:00 +0000 UTC | zone: UTC | location: {name:UTC zone:[] tx:[] cacheStart:0 cacheEnd:0 cacheZone:<nil>}
[xorm] [info]  2018/05/26 15:37:34.107038 [SQL] SELECT `id`, `classroom_campus`, `classroom_building`, `classroom_num`, `capacity` FROM `classroom` WHERE `id`=? LIMIT 1 []interface {}{1}
[xorm] [info]  2018/05/26 15:39:28.018341 [SQL] SELECT `id`, `res_reason`, `start_time`, `end_time`, `classroom_id`, `student_id`, `organization_name`, `approver_id`, `res_state`, `approval_note` FROM `reservation` WHERE (approver_id = ?) []interface {}{10331125}
[xorm] [debug] 2018/05/26 15:39:28.019098 empty zone key[start_time] : 2018-05-30 15:20:00 +0000 UTC | zone: UTC | location: {name:UTC zone:[] tx:[] cacheStart:0 cacheEnd:0 cacheZone:<nil>}
[xorm] [debug] 2018/05/26 15:39:28.019142 empty zone key[end_time] : 2018-05-30 17:10:00 +0000 UTC | zone: UTC | location: {name:UTC zone:[] tx:[] cacheStart:0 cacheEnd:0 cacheZone:<nil>}
[xorm] [info]  2018/05/26 15:39:28.019376 [SQL] SELECT `id`, `classroom_campus`, `classroom_building`, `classroom_num`, `capacity` FROM `classroom` WHERE `id`=? LIMIT 1 []interface {}{1}
