[xorm] [info]  2018/05/15 20:17:58.239321 [SQL] INSERT INTO `student` (`id`,`student_pwd`,`student_name`,`organization_id`) VALUES (?, ?, ?, ?) []interface {}{15331124, "5243627672763cd3d4626ea0ebb7e06d", "王芳", 1}
[xorm] [info]  2018/05/15 20:17:58.247264 [SQL] INSERT INTO `student` (`id`,`student_pwd`,`student_name`,`organization_id`) VALUES (?, ?, ?, ?) []interface {}{15331125, "67b6bac54b407c7f69e4d65195515c48", "赵红", 2}
[xorm] [info]  2018/05/15 20:17:58.255295 [SQL] INSERT INTO `student` (`id`,`student_pwd`,`student_name`,`organization_id`) VALUES (?, ?, ?, ?) []interface {}{16331124, "878db465451b5f2d1826cf1a3e6fdecb", "王芸", 3}
[xorm] [info]  2018/05/15 20:17:58.262531 [SQL] INSERT INTO `admin` (`id`,`admin_pwd`,`admin_name`) VALUES (?, ?, ?) []interface {}{11331124, "858e5a25636bd82ac3c2913039c270a1", "赵毅"}
[xorm] [info]  2018/05/15 20:17:58.270952 [SQL] INSERT INTO `admin` (`id`,`admin_pwd`,`admin_name`) VALUES (?, ?, ?) []interface {}{11331125, "afe4e651ba5d760727b7c161da011b1c", "李阳"}
[xorm] [info]  2018/05/15 20:17:58.277875 [SQL] INSERT INTO `admin` (`id`,`admin_pwd`,`admin_name`) VALUES (?, ?, ?) []interface {}{11031124, "00a0bdd6564d182c6ec37f8f702dbf28", "万余里"}
[xorm] [info]  2018/05/15 20:17:58.283861 [SQL] INSERT INTO `approver` (`id`,`approver_pwd`,`approver_name`,`department_id`) VALUES (?, ?, ?, ?) []interface {}{10331124, "09a1eaf4b15f4a3dd2efbbfa617ecb3f", "李怡", 1}
[xorm] [info]  2018/05/15 20:17:58.288355 [SQL] INSERT INTO `approver` (`id`,`approver_pwd`,`approver_name`,`department_id`) VALUES (?, ?, ?, ?) []interface {}{10331125, "748ac75f7b9f7375f22521ddce3fb766", "宋晓", 2}
[xorm] [info]  2018/05/15 20:17:58.293043 [SQL] INSERT INTO `approver` (`id`,`approver_pwd`,`approver_name`,`department_id`) VALUES (?, ?, ?, ?) []interface {}{10031124, "0d45c0f525c11354ba0ed4b9e3030214", "李芸", 3}
[xorm] [info]  2018/05/15 20:17:58.298268 [SQL] INSERT INTO `classroom` (`classroom_campus`,`classroom_building`,`classroom_num`,`capicity`) VALUES (?, ?, ?, ?) []interface {}{"东校园", "公教楼", "A204", 180}
[xorm] [info]  2018/05/15 20:17:58.303260 [SQL] INSERT INTO `classroom` (`classroom_campus`,`classroom_building`,`classroom_num`,`capicity`) VALUES (?, ?, ?, ?) []interface {}{"南校园", "第一教学楼", "A104", 100}
[xorm] [info]  2018/05/15 20:17:58.307702 [SQL] INSERT INTO `department` (`department_name`,`introduction`,`order`,`note`) VALUES (?, ?, ?, ?) []interface {}{"团委", "位于东校明德园6号，负责学生活动审批", 1, "initial"}
[xorm] [info]  2018/05/15 20:17:58.312333 [SQL] INSERT INTO `department` (`department_name`,`introduction`,`order`,`note`) VALUES (?, ?, ?, ?) []interface {}{"学院团委", "该部门主要负责本院活动的审批", 2, "middle"}
[xorm] [info]  2018/05/15 20:17:58.317543 [SQL] INSERT INTO `department` (`department_name`,`introduction`,`order`,`note`) VALUES (?, ?, ?, ?) []interface {}{"保卫办", "该部门主要负责对于活动和场所的审查", 3, "final"}
[xorm] [info]  2018/05/15 20:17:58.323086 [SQL] INSERT INTO `reservation` (`res_state`,`start_time`,`end_time`,`res_reason`,`approval_note`,`department_id`,`student_id`,`approver_id`,`classroom_id`,`organization_id`) VALUES (?, ?, ?, ?, ?, ?, ?, ?, ?, ?) []interface {}{"审批中", "2018-05-23 09:50:00", "2018-05-23 11:40:00", "社团面试", "批准", 1, 15331124, 10331124, 1, 1}
[xorm] [info]  2018/05/15 20:17:58.327143 [SQL] INSERT INTO `reservation` (`res_state`,`start_time`,`end_time`,`res_reason`,`approval_note`,`department_id`,`student_id`,`approver_id`,`classroom_id`,`organization_id`) VALUES (?, ?, ?, ?, ?, ?, ?, ?, ?, ?) []interface {}{"预定失败", "2018-05-24 14:25:00", "2018-05-24 16:15:00", "生日party", "不允许的活动", 1, 15331125, 10331124, 1, 2}
[xorm] [info]  2018/05/15 20:17:58.333371 [SQL] SELECT `id`, `student_pwd`, `student_name`, `organization_id` FROM `student` WHERE `id`=? LIMIT 1 []interface {}{15331124}
[xorm] [info]  2018/05/15 20:17:58.336391 [SQL] SELECT `id`, `student_pwd`, `student_name`, `organization_id` FROM `student` WHERE `id`=? LIMIT 1 []interface {}{15331124}
[xorm] [info]  2018/05/15 20:17:58.336797 [SQL] SELECT `id`, `student_pwd`, `student_name`, `organization_id` FROM `student`
[xorm] [info]  2018/05/15 20:17:58.337130 [SQL] UPDATE `student` SET `student_pwd` = ? WHERE `id`=? []interface {}{"0ef503d777a66db766ce3f8ce5cd3f14", 15331124}
[xorm] [info]  2018/05/15 20:17:58.340904 [SQL] DELETE FROM `student` WHERE `id`=? []interface {}{15331124}
[xorm] [info]  2018/05/15 20:17:58.345320 [SQL] INSERT INTO `student` (`id`,`student_pwd`,`student_name`,`organization_id`) VALUES (?, ?, ?, ?) []interface {}{15331124, "5243627672763cd3d4626ea0ebb7e06d", "王芳", 1}
[xorm] [info]  2018/05/15 20:17:58.351711 [SQL] SELECT `id`, `student_pwd`, `student_name`, `organization_id` FROM `student` WHERE `id`=? LIMIT 1 []interface {}{15331124}
[xorm] [info]  2018/05/15 20:17:58.354080 [SQL] SELECT `id`, `classroom_campus`, `classroom_building`, `classroom_num`, `capicity` FROM `classroom`
[xorm] [info]  2018/05/15 20:17:58.355061 [SQL] INSERT INTO `classroom` (`classroom_campus`,`classroom_building`,`classroom_num`,`capicity`) VALUES (?, ?, ?, ?) []interface {}{"北校园", "医学院院楼", "D104", 70}
[xorm] [info]  2018/05/15 20:17:58.359637 [SQL] SELECT `id`, `classroom_campus`, `classroom_building`, `classroom_num`, `capicity` FROM `classroom` WHERE `id`=? LIMIT 1 []interface {}{3}
[xorm] [info]  2018/05/15 20:17:58.360590 [SQL] UPDATE `classroom` SET `capicity` = ? WHERE `id`=? []interface {}{80, 3}
[xorm] [info]  2018/05/15 20:17:58.365085 [SQL] DELETE FROM `classroom` WHERE `id`=? []interface {}{3}
[xorm] [info]  2018/05/15 20:17:58.370128 [SQL] SELECT `id`, `classroom_campus`, `classroom_building`, `classroom_num`, `capicity` FROM `classroom` WHERE (classroom_campus = ? AND  classroom_building = ? and capicity > ?) []interface {}{"东校园", "公教楼", 50}
[xorm] [info]  2018/05/15 20:17:58.371597 [SQL] SELECT `id`, `res_state`, `start_time`, `end_time`, `res_reason`, `approval_note`, `department_id`, `student_id`, `approver_id`, `classroom_id`, `organization_id` FROM `reservation` WHERE (classroom_id = ? AND (start_time > ? OR  end_time < ?)) []interface {}{1, time.Time{wall:0xbeb6d1dd96237813, ext:358877344, loc:(*time.Location)(0xbae800)}, time.Time{wall:0xbeb6d1dd96237813, ext:358877344, loc:(*time.Location)(0xbae800)}}
[xorm] [debug] 2018/05/15 20:17:58.372793 empty zone key[start_time] : 2018-05-23 09:50:00 +0000 UTC | zone: UTC | location: {name:UTC zone:[] tx:[] cacheStart:0 cacheEnd:0 cacheZone:<nil>}
[xorm] [debug] 2018/05/15 20:17:58.372840 empty zone key[end_time] : 2018-05-23 11:40:00 +0000 UTC | zone: UTC | location: {name:UTC zone:[] tx:[] cacheStart:0 cacheEnd:0 cacheZone:<nil>}
[xorm] [debug] 2018/05/15 20:17:58.372920 empty zone key[start_time] : 2018-05-24 14:25:00 +0000 UTC | zone: UTC | location: {name:UTC zone:[] tx:[] cacheStart:0 cacheEnd:0 cacheZone:<nil>}
[xorm] [debug] 2018/05/15 20:17:58.372949 empty zone key[end_time] : 2018-05-24 16:15:00 +0000 UTC | zone: UTC | location: {name:UTC zone:[] tx:[] cacheStart:0 cacheEnd:0 cacheZone:<nil>}
[xorm] [info]  2018/05/15 20:17:58.373424 [SQL] SELECT `id`, `res_state`, `start_time`, `end_time`, `res_reason`, `approval_note`, `department_id`, `student_id`, `approver_id`, `classroom_id`, `organization_id` FROM `reservation` WHERE `id`=? LIMIT 1 []interface {}{1}
[xorm] [debug] 2018/05/15 20:17:58.374658 empty zone key[start_time] : 2018-05-23 09:50:00 +0000 UTC | zone: UTC | location: {name:UTC zone:[] tx:[] cacheStart:0 cacheEnd:0 cacheZone:<nil>}
[xorm] [debug] 2018/05/15 20:17:58.374702 empty zone key[end_time] : 2018-05-23 11:40:00 +0000 UTC | zone: UTC | location: {name:UTC zone:[] tx:[] cacheStart:0 cacheEnd:0 cacheZone:<nil>}
[xorm] [info]  2018/05/15 20:17:58.375265 [SQL] SELECT `id`, `department_name`, `introduction`, `order`, `note` FROM `department` WHERE (note = ?) LIMIT 1 []interface {}{"initial"}
[xorm] [info]  2018/05/15 20:17:58.376080 [SQL] SELECT `id`, `approver_pwd`, `approver_name`, `department_id` FROM `approver` WHERE (department_id = ?) []interface {}{1}
[xorm] [info]  2018/05/15 20:17:58.376880 [SQL] UPDATE `reservation` SET `res_state` = ?, `start_time` = ?, `end_time` = ?, `res_reason` = ?, `approval_note` = ?, `department_id` = ?, `student_id` = ?, `approver_id` = ?, `classroom_id` = ?, `organization_id` = ? WHERE `id`=? []interface {}{"", interface {}(nil), interface {}(nil), "考试复习", "", 0, 0, 0, 0, 0, 1}
[xorm] [info]  2018/05/15 20:17:58.381916 [SQL] DELETE FROM `reservation` WHERE `id`=? []interface {}{1}
[xorm] [info]  2018/05/15 20:17:58.387803 [SQL] SELECT `id`, `res_state`, `start_time`, `end_time`, `res_reason`, `approval_note`, `department_id`, `student_id`, `approver_id`, `classroom_id`, `organization_id` FROM `reservation` WHERE (student_id = ?) []interface {}{15331124}
[xorm] [info]  2018/05/15 20:17:58.390727 [SQL] SELECT `id`, `department_name`, `introduction`, `order`, `note` FROM `department` WHERE (note = ?) LIMIT 1 []interface {}{"initial"}
[xorm] [info]  2018/05/15 20:17:58.392403 [SQL] SELECT `id`, `student_pwd`, `student_name`, `organization_id` FROM `student` WHERE `id`=? LIMIT 1 []interface {}{15331124}
[xorm] [info]  2018/05/15 20:17:58.394019 [SQL] SELECT `id`, `approver_pwd`, `approver_name`, `department_id` FROM `approver` WHERE (department_id = ?) []interface {}{1}
[xorm] [info]  2018/05/15 20:17:58.395543 [SQL] INSERT INTO `reservation` (`res_state`,`start_time`,`end_time`,`res_reason`,`approval_note`,`department_id`,`student_id`,`approver_id`,`classroom_id`,`organization_id`) VALUES (?, ?, ?, ?, ?, ?, ?, ?, ?, ?) []interface {}{"审批中", "2018-06-13 09:50:00", "2018-06-13 11:40:00", "习题辅导课", "", 1, 15331124, 10331124, 2, 1}
[xorm] [info]  2018/05/15 20:17:58.400727 [SQL] SELECT `id`, `res_state`, `start_time`, `end_time`, `res_reason`, `approval_note`, `department_id`, `student_id`, `approver_id`, `classroom_id`, `organization_id` FROM `reservation` WHERE (student_id = ?) []interface {}{15331124}
[xorm] [info]  2018/05/15 20:17:58.402296 [SQL] SELECT `id`, `res_state`, `start_time`, `end_time`, `res_reason`, `approval_note`, `department_id`, `student_id`, `approver_id`, `classroom_id`, `organization_id` FROM `reservation` WHERE (approver_id = ?) []interface {}{10331124}
[xorm] [debug] 2018/05/15 20:17:58.403362 empty zone key[start_time] : 2018-05-24 14:25:00 +0000 UTC | zone: UTC | location: {name:UTC zone:[] tx:[] cacheStart:0 cacheEnd:0 cacheZone:<nil>}
[xorm] [debug] 2018/05/15 20:17:58.403414 empty zone key[end_time] : 2018-05-24 16:15:00 +0000 UTC | zone: UTC | location: {name:UTC zone:[] tx:[] cacheStart:0 cacheEnd:0 cacheZone:<nil>}
[xorm] [debug] 2018/05/15 20:17:58.403533 empty zone key[start_time] : 2018-06-13 09:50:00 +0000 UTC | zone: UTC | location: {name:UTC zone:[] tx:[] cacheStart:0 cacheEnd:0 cacheZone:<nil>}
[xorm] [debug] 2018/05/15 20:17:58.403569 empty zone key[end_time] : 2018-06-13 11:40:00 +0000 UTC | zone: UTC | location: {name:UTC zone:[] tx:[] cacheStart:0 cacheEnd:0 cacheZone:<nil>}
[xorm] [info]  2018/05/15 20:17:58.403960 [SQL] SELECT `id`, `department_name`, `introduction`, `order`, `note` FROM `department` ORDER BY `order` ASC
[xorm] [info]  2018/05/15 20:17:58.405454 [SQL] SELECT `id`, `department_name`, `introduction`, `order`, `note` FROM `department` ORDER BY `order` ASC
[xorm] [info]  2018/05/15 20:17:58.406253 [SQL] UPDATE `department` SET `department_name` = ?, `introduction` = ?, `order` = ?, `note` = ? WHERE `id`=? []interface {}{"学院团委", "该部门主要负责本院活动的审批", 3, "middle", 2}
[xorm] [info]  2018/05/15 20:17:58.411067 [SQL] UPDATE `department` SET `department_name` = ?, `introduction` = ?, `order` = ?, `note` = ? WHERE `id`=? []interface {}{"保卫办", "该部门主要负责对于活动和场所的审查", 4, "final", 3}
[xorm] [info]  2018/05/15 20:17:58.416503 [SQL] INSERT INTO `department` (`department_name`,`introduction`,`order`,`note`) VALUES (?, ?, ?, ?) []interface {}{"学生处", "活动审批的第二个部门", 2, "middle"}
[xorm] [info]  2018/05/15 20:17:58.421308 [SQL] SELECT `id`, `department_name`, `introduction`, `order`, `note` FROM `department` WHERE `id`=? LIMIT 1 []interface {}{2}
